Using Spark's default log4j profile: org/apache/spark/log4j-defaults.properties
20/11/10 17:27:10 INFO SparkContext: Running Spark version 1.5.2
20/11/10 17:27:10 WARN NativeCodeLoader: Unable to load native-hadoop library for your platform... using builtin-java classes where applicable
20/11/10 17:27:10 INFO SecurityManager: Changing view acls to: vishnug
20/11/10 17:27:10 INFO SecurityManager: Changing modify acls to: vishnug
20/11/10 17:27:10 INFO SecurityManager: SecurityManager: authentication disabled; ui acls disabled; users with view permissions: Set(vishnug); users with modify permissions: Set(vishnug)
20/11/10 17:27:11 INFO Slf4jLogger: Slf4jLogger started
20/11/10 17:27:11 INFO Remoting: Starting remoting
20/11/10 17:27:11 INFO Remoting: Remoting started; listening on addresses :[akka.tcp://sparkDriver@198.202.112.105:38164]
20/11/10 17:27:11 INFO Utils: Successfully started service 'sparkDriver' on port 38164.
20/11/10 17:27:11 INFO SparkEnv: Registering MapOutputTracker
20/11/10 17:27:11 INFO SparkEnv: Registering BlockManagerMaster
20/11/10 17:27:11 INFO DiskBlockManager: Created local directory at /tmp/blockmgr-6b2de7da-2f95-46a2-8fc2-1b30e68df822
20/11/10 17:27:11 INFO MemoryStore: MemoryStore started with capacity 530.0 MB
20/11/10 17:27:11 INFO HttpFileServer: HTTP File server directory is /tmp/spark-341a46aa-5e08-4be6-873c-68d64e059dbe/httpd-198d60c4-78ff-44d6-9738-33f93369f269
20/11/10 17:27:11 INFO HttpServer: Starting HTTP Server
20/11/10 17:27:11 INFO Utils: Successfully started service 'HTTP file server' on port 39637.
20/11/10 17:27:11 INFO SparkEnv: Registering OutputCommitCoordinator
20/11/10 17:27:11 INFO Utils: Successfully started service 'SparkUI' on port 4040.
20/11/10 17:27:11 INFO SparkUI: Started SparkUI at http://198.202.112.105:4040
20/11/10 17:27:11 INFO SparkContext: Added JAR file:/home/vishnug/project5/partition.jar at http://198.202.112.105:39637/jars/partition.jar with timestamp 1605058031836
20/11/10 17:27:11 WARN MetricsSystem: Using default name DAGScheduler for source because spark.app.id is not set.
20/11/10 17:27:11 INFO Executor: Starting executor ID driver on host localhost
20/11/10 17:27:11 INFO Utils: Successfully started service 'org.apache.spark.network.netty.NettyBlockTransferService' on port 34428.
20/11/10 17:27:11 INFO NettyBlockTransferService: Server created on 34428
20/11/10 17:27:11 INFO BlockManagerMaster: Trying to register BlockManager
20/11/10 17:27:12 INFO BlockManagerMasterEndpoint: Registering block manager localhost:34428 with 530.0 MB RAM, BlockManagerId(driver, localhost, 34428)
20/11/10 17:27:12 INFO BlockManagerMaster: Registered BlockManager
20/11/10 17:27:12 INFO MemoryStore: ensureFreeSpace(120040) called with curMem=0, maxMem=555755765
20/11/10 17:27:12 INFO MemoryStore: Block broadcast_0 stored as values in memory (estimated size 117.2 KB, free 529.9 MB)
20/11/10 17:27:12 INFO MemoryStore: ensureFreeSpace(12673) called with curMem=120040, maxMem=555755765
20/11/10 17:27:12 INFO MemoryStore: Block broadcast_0_piece0 stored as bytes in memory (estimated size 12.4 KB, free 529.9 MB)
20/11/10 17:27:12 INFO BlockManagerInfo: Added broadcast_0_piece0 in memory on localhost:34428 (size: 12.4 KB, free: 530.0 MB)
20/11/10 17:27:12 INFO SparkContext: Created broadcast 0 from textFile at Partition.scala:12
20/11/10 17:27:12 INFO FileInputFormat: Total input paths to process : 1
20/11/10 17:27:12 INFO SparkContext: Starting job: countByKey at Partition.scala:40
20/11/10 17:27:12 INFO DAGScheduler: Registering RDD 5 (map at Partition.scala:27)
20/11/10 17:27:12 INFO DAGScheduler: Registering RDD 3 (flatMap at Partition.scala:25)
20/11/10 17:27:12 INFO DAGScheduler: Registering RDD 10 (flatMap at Partition.scala:25)
20/11/10 17:27:12 INFO MapOutputTrackerMaster: Size of output statuses for shuffle 9 is 85 bytes
20/11/10 17:27:12 INFO MapOutputTrackerMaster: Size of output statuses for shuffle 0 is 85 bytes
20/11/10 17:27:12 INFO DAGScheduler: Registering RDD 12 (map at Partition.scala:27)
20/11/10 17:27:12 INFO DAGScheduler: Registering RDD 19 (map at Partition.scala:27)
20/11/10 17:27:12 INFO DAGScheduler: Registering RDD 17 (flatMap at Partition.scala:25)
20/11/10 17:27:12 INFO DAGScheduler: Registering RDD 24 (flatMap at Partition.scala:25)
20/11/10 17:27:12 INFO MapOutputTrackerMaster: Size of output statuses for shuffle 11 is 85 bytes
20/11/10 17:27:12 INFO MapOutputTrackerMaster: Size of output statuses for shuffle 10 is 85 bytes
20/11/10 17:27:12 INFO MapOutputTrackerMaster: Size of output statuses for shuffle 1 is 85 bytes
20/11/10 17:27:12 INFO MapOutputTrackerMaster: Size of output statuses for shuffle 2 is 85 bytes
20/11/10 17:27:12 INFO DAGScheduler: Registering RDD 26 (map at Partition.scala:27)
20/11/10 17:27:12 INFO DAGScheduler: Registering RDD 33 (map at Partition.scala:27)
20/11/10 17:27:12 INFO DAGScheduler: Registering RDD 31 (flatMap at Partition.scala:25)
20/11/10 17:27:12 INFO DAGScheduler: Registering RDD 38 (flatMap at Partition.scala:25)
20/11/10 17:27:12 INFO MapOutputTrackerMaster: Size of output statuses for shuffle 13 is 85 bytes
20/11/10 17:27:12 INFO MapOutputTrackerMaster: Size of output statuses for shuffle 12 is 85 bytes
20/11/10 17:27:12 INFO MapOutputTrackerMaster: Size of output statuses for shuffle 3 is 85 bytes
20/11/10 17:27:12 INFO MapOutputTrackerMaster: Size of output statuses for shuffle 4 is 85 bytes
20/11/10 17:27:12 INFO DAGScheduler: Registering RDD 40 (map at Partition.scala:27)
20/11/10 17:27:12 INFO DAGScheduler: Registering RDD 47 (map at Partition.scala:27)
20/11/10 17:27:12 INFO DAGScheduler: Registering RDD 45 (flatMap at Partition.scala:25)
20/11/10 17:27:12 INFO DAGScheduler: Registering RDD 52 (flatMap at Partition.scala:25)
20/11/10 17:27:12 INFO MapOutputTrackerMaster: Size of output statuses for shuffle 15 is 85 bytes
20/11/10 17:27:12 INFO MapOutputTrackerMaster: Size of output statuses for shuffle 14 is 85 bytes
20/11/10 17:27:12 INFO MapOutputTrackerMaster: Size of output statuses for shuffle 5 is 85 bytes
20/11/10 17:27:12 INFO MapOutputTrackerMaster: Size of output statuses for shuffle 6 is 85 bytes
20/11/10 17:27:12 INFO DAGScheduler: Registering RDD 54 (map at Partition.scala:27)
20/11/10 17:27:12 INFO DAGScheduler: Registering RDD 60 (countByKey at Partition.scala:40)
20/11/10 17:27:12 INFO DAGScheduler: Got job 0 (countByKey at Partition.scala:40) with 2 output partitions
20/11/10 17:27:12 INFO DAGScheduler: Final stage: ResultStage 49(countByKey at Partition.scala:40)
20/11/10 17:27:12 INFO DAGScheduler: Parents of final stage: List(ShuffleMapStage 48)
20/11/10 17:27:12 INFO DAGScheduler: Missing parents: List(ShuffleMapStage 48)
20/11/10 17:27:12 INFO DAGScheduler: Submitting ShuffleMapStage 39 (MapPartitionsRDD[3] at flatMap at Partition.scala:25), which has no missing parents
20/11/10 17:27:13 INFO MemoryStore: ensureFreeSpace(4208) called with curMem=132713, maxMem=555755765
20/11/10 17:27:13 INFO MemoryStore: Block broadcast_1 stored as values in memory (estimated size 4.1 KB, free 529.9 MB)
20/11/10 17:27:13 INFO MemoryStore: ensureFreeSpace(2386) called with curMem=136921, maxMem=555755765
20/11/10 17:27:13 INFO MemoryStore: Block broadcast_1_piece0 stored as bytes in memory (estimated size 2.3 KB, free 529.9 MB)
20/11/10 17:27:13 INFO BlockManagerInfo: Added broadcast_1_piece0 in memory on localhost:34428 (size: 2.3 KB, free: 530.0 MB)
20/11/10 17:27:13 INFO SparkContext: Created broadcast 1 from broadcast at DAGScheduler.scala:861
20/11/10 17:27:13 INFO DAGScheduler: Submitting 2 missing tasks from ShuffleMapStage 39 (MapPartitionsRDD[3] at flatMap at Partition.scala:25)
20/11/10 17:27:13 INFO TaskSchedulerImpl: Adding task set 39.0 with 2 tasks
20/11/10 17:27:13 INFO DAGScheduler: Submitting ShuffleMapStage 40 (MapPartitionsRDD[5] at map at Partition.scala:27), which has no missing parents
20/11/10 17:27:13 INFO MemoryStore: ensureFreeSpace(3808) called with curMem=139307, maxMem=555755765
20/11/10 17:27:13 INFO MemoryStore: Block broadcast_2 stored as values in memory (estimated size 3.7 KB, free 529.9 MB)
20/11/10 17:27:13 INFO MemoryStore: ensureFreeSpace(2226) called with curMem=143115, maxMem=555755765
20/11/10 17:27:13 INFO MemoryStore: Block broadcast_2_piece0 stored as bytes in memory (estimated size 2.2 KB, free 529.9 MB)
20/11/10 17:27:13 INFO BlockManagerInfo: Added broadcast_2_piece0 in memory on localhost:34428 (size: 2.2 KB, free: 530.0 MB)
20/11/10 17:27:13 INFO SparkContext: Created broadcast 2 from broadcast at DAGScheduler.scala:861
20/11/10 17:27:13 INFO DAGScheduler: Submitting 2 missing tasks from ShuffleMapStage 40 (MapPartitionsRDD[5] at map at Partition.scala:27)
20/11/10 17:27:13 INFO TaskSchedulerImpl: Adding task set 40.0 with 2 tasks
20/11/10 17:27:13 INFO TaskSetManager: Starting task 0.0 in stage 39.0 (TID 0, localhost, PROCESS_LOCAL, 2198 bytes)
20/11/10 17:27:13 INFO TaskSetManager: Starting task 1.0 in stage 39.0 (TID 1, localhost, PROCESS_LOCAL, 2198 bytes)
20/11/10 17:27:13 INFO Executor: Running task 0.0 in stage 39.0 (TID 0)
20/11/10 17:27:13 INFO Executor: Running task 1.0 in stage 39.0 (TID 1)
20/11/10 17:27:13 INFO Executor: Fetching http://198.202.112.105:39637/jars/partition.jar with timestamp 1605058031836
20/11/10 17:27:13 INFO Utils: Fetching http://198.202.112.105:39637/jars/partition.jar to /tmp/spark-341a46aa-5e08-4be6-873c-68d64e059dbe/userFiles-9bb4b57a-5bb5-4436-9cef-414ce770bdf5/fetchFileTemp6329991298280811699.tmp
20/11/10 17:27:13 INFO Executor: Adding file:/tmp/spark-341a46aa-5e08-4be6-873c-68d64e059dbe/userFiles-9bb4b57a-5bb5-4436-9cef-414ce770bdf5/partition.jar to class loader
20/11/10 17:27:13 INFO HadoopRDD: Input split: file:/home/vishnug/project5/small-graph.txt:0+1770
20/11/10 17:27:13 INFO deprecation: mapred.tip.id is deprecated. Instead, use mapreduce.task.id
20/11/10 17:27:13 INFO deprecation: mapred.task.id is deprecated. Instead, use mapreduce.task.attempt.id
20/11/10 17:27:13 INFO deprecation: mapred.task.is.map is deprecated. Instead, use mapreduce.task.ismap
20/11/10 17:27:13 INFO deprecation: mapred.task.partition is deprecated. Instead, use mapreduce.task.partition
20/11/10 17:27:13 INFO deprecation: mapred.job.id is deprecated. Instead, use mapreduce.job.id
20/11/10 17:27:13 INFO HadoopRDD: Input split: file:/home/vishnug/project5/small-graph.txt:1770+1771
20/11/10 17:27:13 INFO Executor: Finished task 1.0 in stage 39.0 (TID 1). 2254 bytes result sent to driver
20/11/10 17:27:13 INFO Executor: Finished task 0.0 in stage 39.0 (TID 0). 2254 bytes result sent to driver
20/11/10 17:27:13 INFO TaskSetManager: Starting task 0.0 in stage 40.0 (TID 2, localhost, PROCESS_LOCAL, 2198 bytes)
20/11/10 17:27:13 INFO Executor: Running task 0.0 in stage 40.0 (TID 2)
20/11/10 17:27:13 INFO HadoopRDD: Input split: file:/home/vishnug/project5/small-graph.txt:0+1770
20/11/10 17:27:13 INFO TaskSetManager: Starting task 1.0 in stage 40.0 (TID 3, localhost, PROCESS_LOCAL, 2198 bytes)
20/11/10 17:27:13 INFO Executor: Running task 1.0 in stage 40.0 (TID 3)
20/11/10 17:27:13 INFO HadoopRDD: Input split: file:/home/vishnug/project5/small-graph.txt:1770+1771
20/11/10 17:27:13 INFO TaskSetManager: Finished task 1.0 in stage 39.0 (TID 1) in 269 ms on localhost (1/2)
20/11/10 17:27:13 INFO Executor: Finished task 1.0 in stage 40.0 (TID 3). 2254 bytes result sent to driver
20/11/10 17:27:13 INFO Executor: Finished task 0.0 in stage 40.0 (TID 2). 2254 bytes result sent to driver
20/11/10 17:27:13 INFO DAGScheduler: ShuffleMapStage 39 (flatMap at Partition.scala:25) finished in 0.309 s
20/11/10 17:27:13 INFO DAGScheduler: looking for newly runnable stages
20/11/10 17:27:13 INFO DAGScheduler: running: Set(ShuffleMapStage 40)
20/11/10 17:27:13 INFO DAGScheduler: waiting: Set(ShuffleMapStage 45, ShuffleMapStage 37, ShuffleMapStage 46, ShuffleMapStage 38, ShuffleMapStage 32, ShuffleMapStage 47, ShuffleMapStage 41, ShuffleMapStage 33, ShuffleMapStage 48, ShuffleMapStage 34, ResultStage 49, ShuffleMapStage 35, ShuffleMapStage 42, ShuffleMapStage 36, ShuffleMapStage 43, ShuffleMapStage 44)
20/11/10 17:27:13 INFO DAGScheduler: failed: Set()
20/11/10 17:27:13 INFO DAGScheduler: Missing parents for ShuffleMapStage 45: List(ShuffleMapStage 35, ShuffleMapStage 44)
20/11/10 17:27:13 INFO DAGScheduler: Missing parents for ShuffleMapStage 37: List(ShuffleMapStage 38, ShuffleMapStage 41)
20/11/10 17:27:13 INFO DAGScheduler: Missing parents for ShuffleMapStage 46: List(ShuffleMapStage 45, ShuffleMapStage 34)
20/11/10 17:27:13 INFO DAGScheduler: Missing parents for ShuffleMapStage 38: List(ShuffleMapStage 40)
20/11/10 17:27:13 INFO DAGScheduler: Missing parents for ShuffleMapStage 32: List(ShuffleMapStage 33, ShuffleMapStage 46)
20/11/10 17:27:13 INFO DAGScheduler: Missing parents for ShuffleMapStage 47: List(ShuffleMapStage 33, ShuffleMapStage 46)
20/11/10 17:27:13 INFO DAGScheduler: Missing parents for ShuffleMapStage 41: List(ShuffleMapStage 40)
20/11/10 17:27:13 INFO DAGScheduler: Missing parents for ShuffleMapStage 33: List(ShuffleMapStage 45, ShuffleMapStage 34)
20/11/10 17:27:13 INFO DAGScheduler: Missing parents for ShuffleMapStage 48: List(ShuffleMapStage 32, ShuffleMapStage 47)
20/11/10 17:27:13 INFO DAGScheduler: Missing parents for ShuffleMapStage 34: List(ShuffleMapStage 35, ShuffleMapStage 44)
20/11/10 17:27:13 INFO DAGScheduler: Missing parents for ResultStage 49: List(ShuffleMapStage 48)
20/11/10 17:27:13 INFO DAGScheduler: Missing parents for ShuffleMapStage 35: List(ShuffleMapStage 36, ShuffleMapStage 43)
20/11/10 17:27:13 INFO DAGScheduler: Missing parents for ShuffleMapStage 42: List(ShuffleMapStage 38, ShuffleMapStage 41)
20/11/10 17:27:13 INFO DAGScheduler: Missing parents for ShuffleMapStage 36: List(ShuffleMapStage 37, ShuffleMapStage 42)
20/11/10 17:27:13 INFO DAGScheduler: Missing parents for ShuffleMapStage 43: List(ShuffleMapStage 37, ShuffleMapStage 42)
20/11/10 17:27:13 INFO DAGScheduler: Missing parents for ShuffleMapStage 44: List(ShuffleMapStage 36, ShuffleMapStage 43)
20/11/10 17:27:13 INFO TaskSetManager: Finished task 0.0 in stage 39.0 (TID 0) in 302 ms on localhost (2/2)
20/11/10 17:27:13 INFO TaskSchedulerImpl: Removed TaskSet 39.0, whose tasks have all completed, from pool 
20/11/10 17:27:13 INFO TaskSetManager: Finished task 1.0 in stage 40.0 (TID 3) in 43 ms on localhost (1/2)
20/11/10 17:27:13 INFO TaskSetManager: Finished task 0.0 in stage 40.0 (TID 2) in 57 ms on localhost (2/2)
20/11/10 17:27:13 INFO TaskSchedulerImpl: Removed TaskSet 40.0, whose tasks have all completed, from pool 
20/11/10 17:27:13 INFO DAGScheduler: ShuffleMapStage 40 (map at Partition.scala:27) finished in 0.295 s
20/11/10 17:27:13 INFO DAGScheduler: looking for newly runnable stages
20/11/10 17:27:13 INFO DAGScheduler: running: Set()
20/11/10 17:27:13 INFO DAGScheduler: waiting: Set(ShuffleMapStage 45, ShuffleMapStage 37, ShuffleMapStage 46, ShuffleMapStage 38, ShuffleMapStage 32, ShuffleMapStage 47, ShuffleMapStage 41, ShuffleMapStage 33, ShuffleMapStage 48, ShuffleMapStage 34, ResultStage 49, ShuffleMapStage 35, ShuffleMapStage 42, ShuffleMapStage 36, ShuffleMapStage 43, ShuffleMapStage 44)
20/11/10 17:27:13 INFO DAGScheduler: failed: Set()
20/11/10 17:27:13 INFO DAGScheduler: Missing parents for ShuffleMapStage 45: List(ShuffleMapStage 35, ShuffleMapStage 44)
20/11/10 17:27:13 INFO DAGScheduler: Missing parents for ShuffleMapStage 37: List(ShuffleMapStage 38, ShuffleMapStage 41)
20/11/10 17:27:13 INFO DAGScheduler: Missing parents for ShuffleMapStage 46: List(ShuffleMapStage 45, ShuffleMapStage 34)
20/11/10 17:27:13 INFO DAGScheduler: Missing parents for ShuffleMapStage 38: List()
20/11/10 17:27:13 INFO DAGScheduler: Missing parents for ShuffleMapStage 32: List(ShuffleMapStage 33, ShuffleMapStage 46)
20/11/10 17:27:13 INFO DAGScheduler: Missing parents for ShuffleMapStage 47: List(ShuffleMapStage 33, ShuffleMapStage 46)
20/11/10 17:27:13 INFO DAGScheduler: Missing parents for ShuffleMapStage 41: List()
20/11/10 17:27:13 INFO DAGScheduler: Missing parents for ShuffleMapStage 33: List(ShuffleMapStage 45, ShuffleMapStage 34)
20/11/10 17:27:13 INFO DAGScheduler: Missing parents for ShuffleMapStage 48: List(ShuffleMapStage 32, ShuffleMapStage 47)
20/11/10 17:27:13 INFO DAGScheduler: Missing parents for ShuffleMapStage 34: List(ShuffleMapStage 35, ShuffleMapStage 44)
20/11/10 17:27:13 INFO DAGScheduler: Missing parents for ResultStage 49: List(ShuffleMapStage 48)
20/11/10 17:27:13 INFO DAGScheduler: Missing parents for ShuffleMapStage 35: List(ShuffleMapStage 36, ShuffleMapStage 43)
20/11/10 17:27:13 INFO DAGScheduler: Missing parents for ShuffleMapStage 42: List(ShuffleMapStage 38, ShuffleMapStage 41)
20/11/10 17:27:13 INFO DAGScheduler: Missing parents for ShuffleMapStage 36: List(ShuffleMapStage 37, ShuffleMapStage 42)
20/11/10 17:27:13 INFO DAGScheduler: Missing parents for ShuffleMapStage 43: List(ShuffleMapStage 37, ShuffleMapStage 42)
20/11/10 17:27:13 INFO DAGScheduler: Missing parents for ShuffleMapStage 44: List(ShuffleMapStage 36, ShuffleMapStage 43)
20/11/10 17:27:13 INFO DAGScheduler: Submitting ShuffleMapStage 38 (MapPartitionsRDD[10] at flatMap at Partition.scala:25), which is now runnable
20/11/10 17:27:13 INFO MemoryStore: ensureFreeSpace(3624) called with curMem=145341, maxMem=555755765
20/11/10 17:27:13 INFO MemoryStore: Block broadcast_3 stored as values in memory (estimated size 3.5 KB, free 529.9 MB)
20/11/10 17:27:13 INFO MemoryStore: ensureFreeSpace(1836) called with curMem=148965, maxMem=555755765
20/11/10 17:27:13 INFO MemoryStore: Block broadcast_3_piece0 stored as bytes in memory (estimated size 1836.0 B, free 529.9 MB)
20/11/10 17:27:13 INFO BlockManagerInfo: Added broadcast_3_piece0 in memory on localhost:34428 (size: 1836.0 B, free: 530.0 MB)
20/11/10 17:27:13 INFO SparkContext: Created broadcast 3 from broadcast at DAGScheduler.scala:861
20/11/10 17:27:13 INFO DAGScheduler: Submitting 2 missing tasks from ShuffleMapStage 38 (MapPartitionsRDD[10] at flatMap at Partition.scala:25)
20/11/10 17:27:13 INFO TaskSchedulerImpl: Adding task set 38.0 with 2 tasks
20/11/10 17:27:13 INFO TaskSetManager: Starting task 0.0 in stage 38.0 (TID 4, localhost, PROCESS_LOCAL, 2174 bytes)
20/11/10 17:27:13 INFO TaskSetManager: Starting task 1.0 in stage 38.0 (TID 5, localhost, PROCESS_LOCAL, 2174 bytes)
20/11/10 17:27:13 INFO Executor: Running task 1.0 in stage 38.0 (TID 5)
20/11/10 17:27:13 INFO Executor: Running task 0.0 in stage 38.0 (TID 4)
20/11/10 17:27:13 INFO DAGScheduler: Submitting ShuffleMapStage 41 (MapPartitionsRDD[12] at map at Partition.scala:27), which is now runnable
20/11/10 17:27:13 INFO MemoryStore: ensureFreeSpace(3512) called with curMem=150801, maxMem=555755765
20/11/10 17:27:13 INFO MemoryStore: Block broadcast_4 stored as values in memory (estimated size 3.4 KB, free 529.9 MB)
20/11/10 17:27:13 INFO ShuffleBlockFetcherIterator: Getting 2 non-empty blocks out of 2 blocks
20/11/10 17:27:13 INFO ShuffleBlockFetcherIterator: Started 0 remote fetches in 3 ms
20/11/10 17:27:13 INFO ShuffleBlockFetcherIterator: Getting 2 non-empty blocks out of 2 blocks
20/11/10 17:27:13 INFO ShuffleBlockFetcherIterator: Started 0 remote fetches in 7 ms
20/11/10 17:27:13 INFO MemoryStore: ensureFreeSpace(1800) called with curMem=154313, maxMem=555755765
20/11/10 17:27:13 INFO MemoryStore: Block broadcast_4_piece0 stored as bytes in memory (estimated size 1800.0 B, free 529.9 MB)
20/11/10 17:27:13 INFO BlockManagerInfo: Added broadcast_4_piece0 in memory on localhost:34428 (size: 1800.0 B, free: 530.0 MB)
20/11/10 17:27:13 INFO SparkContext: Created broadcast 4 from broadcast at DAGScheduler.scala:861
20/11/10 17:27:13 INFO DAGScheduler: Submitting 2 missing tasks from ShuffleMapStage 41 (MapPartitionsRDD[12] at map at Partition.scala:27)
20/11/10 17:27:13 INFO TaskSchedulerImpl: Adding task set 41.0 with 2 tasks
20/11/10 17:27:13 INFO ShuffleBlockFetcherIterator: Getting 2 non-empty blocks out of 2 blocks
20/11/10 17:27:13 INFO ShuffleBlockFetcherIterator: Started 0 remote fetches in 0 ms
20/11/10 17:27:13 INFO ShuffleBlockFetcherIterator: Getting 2 non-empty blocks out of 2 blocks
20/11/10 17:27:13 INFO ShuffleBlockFetcherIterator: Started 0 remote fetches in 0 ms
20/11/10 17:27:13 INFO Executor: Finished task 1.0 in stage 38.0 (TID 5). 1375 bytes result sent to driver
20/11/10 17:27:13 INFO Executor: Finished task 0.0 in stage 38.0 (TID 4). 1375 bytes result sent to driver
20/11/10 17:27:13 INFO TaskSetManager: Starting task 0.0 in stage 41.0 (TID 6, localhost, PROCESS_LOCAL, 2174 bytes)
20/11/10 17:27:13 INFO TaskSetManager: Starting task 1.0 in stage 41.0 (TID 7, localhost, PROCESS_LOCAL, 2174 bytes)
20/11/10 17:27:13 INFO TaskSetManager: Finished task 0.0 in stage 38.0 (TID 4) in 81 ms on localhost (1/2)
20/11/10 17:27:13 INFO Executor: Running task 1.0 in stage 41.0 (TID 7)
20/11/10 17:27:13 INFO ShuffleBlockFetcherIterator: Getting 2 non-empty blocks out of 2 blocks
20/11/10 17:27:13 INFO TaskSetManager: Finished task 1.0 in stage 38.0 (TID 5) in 82 ms on localhost (2/2)
20/11/10 17:27:13 INFO DAGScheduler: ShuffleMapStage 38 (flatMap at Partition.scala:25) finished in 0.081 s
20/11/10 17:27:13 INFO DAGScheduler: looking for newly runnable stages
20/11/10 17:27:13 INFO DAGScheduler: running: Set(ShuffleMapStage 41)
20/11/10 17:27:13 INFO DAGScheduler: waiting: Set(ShuffleMapStage 45, ShuffleMapStage 37, ShuffleMapStage 46, ShuffleMapStage 32, ShuffleMapStage 47, ShuffleMapStage 33, ShuffleMapStage 48, ShuffleMapStage 34, ResultStage 49, ShuffleMapStage 35, ShuffleMapStage 42, ShuffleMapStage 36, ShuffleMapStage 43, ShuffleMapStage 44)
20/11/10 17:27:13 INFO DAGScheduler: failed: Set()
20/11/10 17:27:13 INFO TaskSchedulerImpl: Removed TaskSet 38.0, whose tasks have all completed, from pool 
20/11/10 17:27:13 INFO ShuffleBlockFetcherIterator: Started 0 remote fetches in 0 ms
20/11/10 17:27:13 INFO Executor: Running task 0.0 in stage 41.0 (TID 6)
20/11/10 17:27:13 INFO ShuffleBlockFetcherIterator: Getting 2 non-empty blocks out of 2 blocks
20/11/10 17:27:13 INFO ShuffleBlockFetcherIterator: Started 0 remote fetches in 0 ms
20/11/10 17:27:13 INFO DAGScheduler: Missing parents for ShuffleMapStage 45: List(ShuffleMapStage 35, ShuffleMapStage 44)
20/11/10 17:27:13 INFO DAGScheduler: Missing parents for ShuffleMapStage 37: List(ShuffleMapStage 41)
20/11/10 17:27:13 INFO DAGScheduler: Missing parents for ShuffleMapStage 46: List(ShuffleMapStage 45, ShuffleMapStage 34)
20/11/10 17:27:13 INFO DAGScheduler: Missing parents for ShuffleMapStage 32: List(ShuffleMapStage 33, ShuffleMapStage 46)
20/11/10 17:27:13 INFO DAGScheduler: Missing parents for ShuffleMapStage 47: List(ShuffleMapStage 33, ShuffleMapStage 46)
20/11/10 17:27:13 INFO DAGScheduler: Missing parents for ShuffleMapStage 33: List(ShuffleMapStage 45, ShuffleMapStage 34)
20/11/10 17:27:13 INFO DAGScheduler: Missing parents for ShuffleMapStage 48: List(ShuffleMapStage 32, ShuffleMapStage 47)
20/11/10 17:27:13 INFO DAGScheduler: Missing parents for ShuffleMapStage 34: List(ShuffleMapStage 35, ShuffleMapStage 44)
20/11/10 17:27:13 INFO DAGScheduler: Missing parents for ResultStage 49: List(ShuffleMapStage 48)
20/11/10 17:27:13 INFO DAGScheduler: Missing parents for ShuffleMapStage 35: List(ShuffleMapStage 36, ShuffleMapStage 43)
20/11/10 17:27:13 INFO DAGScheduler: Missing parents for ShuffleMapStage 42: List(ShuffleMapStage 41)
20/11/10 17:27:13 INFO DAGScheduler: Missing parents for ShuffleMapStage 36: List(ShuffleMapStage 37, ShuffleMapStage 42)
20/11/10 17:27:13 INFO DAGScheduler: Missing parents for ShuffleMapStage 43: List(ShuffleMapStage 37, ShuffleMapStage 42)
20/11/10 17:27:13 INFO DAGScheduler: Missing parents for ShuffleMapStage 44: List(ShuffleMapStage 36, ShuffleMapStage 43)
20/11/10 17:27:13 INFO ShuffleBlockFetcherIterator: Getting 2 non-empty blocks out of 2 blocks
20/11/10 17:27:13 INFO ShuffleBlockFetcherIterator: Started 0 remote fetches in 0 ms
20/11/10 17:27:13 INFO ShuffleBlockFetcherIterator: Getting 2 non-empty blocks out of 2 blocks
20/11/10 17:27:13 INFO ShuffleBlockFetcherIterator: Started 0 remote fetches in 1 ms
20/11/10 17:27:13 INFO Executor: Finished task 1.0 in stage 41.0 (TID 7). 1375 bytes result sent to driver
20/11/10 17:27:13 INFO TaskSetManager: Finished task 1.0 in stage 41.0 (TID 7) in 27 ms on localhost (1/2)
20/11/10 17:27:13 INFO Executor: Finished task 0.0 in stage 41.0 (TID 6). 1375 bytes result sent to driver
20/11/10 17:27:13 INFO TaskSetManager: Finished task 0.0 in stage 41.0 (TID 6) in 31 ms on localhost (2/2)
20/11/10 17:27:13 INFO TaskSchedulerImpl: Removed TaskSet 41.0, whose tasks have all completed, from pool 
20/11/10 17:27:13 INFO DAGScheduler: ShuffleMapStage 41 (map at Partition.scala:27) finished in 0.079 s
20/11/10 17:27:13 INFO DAGScheduler: looking for newly runnable stages
20/11/10 17:27:13 INFO DAGScheduler: running: Set()
20/11/10 17:27:13 INFO DAGScheduler: waiting: Set(ShuffleMapStage 45, ShuffleMapStage 37, ShuffleMapStage 46, ShuffleMapStage 32, ShuffleMapStage 47, ShuffleMapStage 33, ShuffleMapStage 48, ShuffleMapStage 34, ResultStage 49, ShuffleMapStage 35, ShuffleMapStage 42, ShuffleMapStage 36, ShuffleMapStage 43, ShuffleMapStage 44)
20/11/10 17:27:13 INFO DAGScheduler: failed: Set()
20/11/10 17:27:13 INFO DAGScheduler: Missing parents for ShuffleMapStage 45: List(ShuffleMapStage 35, ShuffleMapStage 44)
20/11/10 17:27:13 INFO DAGScheduler: Missing parents for ShuffleMapStage 37: List()
20/11/10 17:27:13 INFO DAGScheduler: Missing parents for ShuffleMapStage 46: List(ShuffleMapStage 45, ShuffleMapStage 34)
20/11/10 17:27:13 INFO DAGScheduler: Missing parents for ShuffleMapStage 32: List(ShuffleMapStage 33, ShuffleMapStage 46)
20/11/10 17:27:13 INFO DAGScheduler: Missing parents for ShuffleMapStage 47: List(ShuffleMapStage 33, ShuffleMapStage 46)
20/11/10 17:27:13 INFO DAGScheduler: Missing parents for ShuffleMapStage 33: List(ShuffleMapStage 45, ShuffleMapStage 34)
20/11/10 17:27:13 INFO DAGScheduler: Missing parents for ShuffleMapStage 48: List(ShuffleMapStage 32, ShuffleMapStage 47)
20/11/10 17:27:13 INFO DAGScheduler: Missing parents for ShuffleMapStage 34: List(ShuffleMapStage 35, ShuffleMapStage 44)
20/11/10 17:27:13 INFO DAGScheduler: Missing parents for ResultStage 49: List(ShuffleMapStage 48)
20/11/10 17:27:13 INFO DAGScheduler: Missing parents for ShuffleMapStage 35: List(ShuffleMapStage 36, ShuffleMapStage 43)
20/11/10 17:27:13 INFO DAGScheduler: Missing parents for ShuffleMapStage 42: List()
20/11/10 17:27:13 INFO DAGScheduler: Missing parents for ShuffleMapStage 36: List(ShuffleMapStage 37, ShuffleMapStage 42)
20/11/10 17:27:13 INFO DAGScheduler: Missing parents for ShuffleMapStage 43: List(ShuffleMapStage 37, ShuffleMapStage 42)
20/11/10 17:27:13 INFO DAGScheduler: Missing parents for ShuffleMapStage 44: List(ShuffleMapStage 36, ShuffleMapStage 43)
20/11/10 17:27:13 INFO DAGScheduler: Submitting ShuffleMapStage 37 (MapPartitionsRDD[17] at flatMap at Partition.scala:25), which is now runnable
20/11/10 17:27:13 INFO MemoryStore: ensureFreeSpace(3624) called with curMem=156113, maxMem=555755765
20/11/10 17:27:13 INFO MemoryStore: Block broadcast_5 stored as values in memory (estimated size 3.5 KB, free 529.9 MB)
20/11/10 17:27:13 INFO MemoryStore: ensureFreeSpace(1852) called with curMem=159737, maxMem=555755765
20/11/10 17:27:13 INFO MemoryStore: Block broadcast_5_piece0 stored as bytes in memory (estimated size 1852.0 B, free 529.9 MB)
20/11/10 17:27:13 INFO BlockManagerInfo: Added broadcast_5_piece0 in memory on localhost:34428 (size: 1852.0 B, free: 530.0 MB)
20/11/10 17:27:13 INFO SparkContext: Created broadcast 5 from broadcast at DAGScheduler.scala:861
20/11/10 17:27:13 INFO DAGScheduler: Submitting 2 missing tasks from ShuffleMapStage 37 (MapPartitionsRDD[17] at flatMap at Partition.scala:25)
20/11/10 17:27:13 INFO TaskSchedulerImpl: Adding task set 37.0 with 2 tasks
20/11/10 17:27:13 INFO TaskSetManager: Starting task 0.0 in stage 37.0 (TID 8, localhost, PROCESS_LOCAL, 2174 bytes)
20/11/10 17:27:13 INFO TaskSetManager: Starting task 1.0 in stage 37.0 (TID 9, localhost, PROCESS_LOCAL, 2174 bytes)
20/11/10 17:27:13 INFO Executor: Running task 0.0 in stage 37.0 (TID 8)
20/11/10 17:27:13 INFO Executor: Running task 1.0 in stage 37.0 (TID 9)
20/11/10 17:27:13 INFO ShuffleBlockFetcherIterator: Getting 2 non-empty blocks out of 2 blocks
20/11/10 17:27:13 INFO ShuffleBlockFetcherIterator: Started 0 remote fetches in 0 ms
20/11/10 17:27:13 INFO ShuffleBlockFetcherIterator: Getting 2 non-empty blocks out of 2 blocks
20/11/10 17:27:13 INFO ShuffleBlockFetcherIterator: Started 0 remote fetches in 0 ms
20/11/10 17:27:13 INFO ShuffleBlockFetcherIterator: Getting 2 non-empty blocks out of 2 blocks
20/11/10 17:27:13 INFO ShuffleBlockFetcherIterator: Started 0 remote fetches in 0 ms
20/11/10 17:27:13 INFO DAGScheduler: Submitting ShuffleMapStage 42 (MapPartitionsRDD[19] at map at Partition.scala:27), which is now runnable
20/11/10 17:27:13 INFO ShuffleBlockFetcherIterator: Getting 2 non-empty blocks out of 2 blocks
20/11/10 17:27:13 INFO ShuffleBlockFetcherIterator: Started 0 remote fetches in 0 ms
20/11/10 17:27:13 INFO MemoryStore: ensureFreeSpace(3512) called with curMem=161589, maxMem=555755765
20/11/10 17:27:13 INFO MemoryStore: Block broadcast_6 stored as values in memory (estimated size 3.4 KB, free 529.9 MB)
20/11/10 17:27:13 INFO MemoryStore: ensureFreeSpace(1817) called with curMem=165101, maxMem=555755765
20/11/10 17:27:13 INFO MemoryStore: Block broadcast_6_piece0 stored as bytes in memory (estimated size 1817.0 B, free 529.9 MB)
20/11/10 17:27:13 INFO Executor: Finished task 1.0 in stage 37.0 (TID 9). 1375 bytes result sent to driver
20/11/10 17:27:13 INFO TaskSetManager: Finished task 1.0 in stage 37.0 (TID 9) in 23 ms on localhost (1/2)
20/11/10 17:27:13 INFO BlockManagerInfo: Added broadcast_6_piece0 in memory on localhost:34428 (size: 1817.0 B, free: 530.0 MB)
20/11/10 17:27:13 INFO SparkContext: Created broadcast 6 from broadcast at DAGScheduler.scala:861
20/11/10 17:27:13 INFO DAGScheduler: Submitting 2 missing tasks from ShuffleMapStage 42 (MapPartitionsRDD[19] at map at Partition.scala:27)
20/11/10 17:27:13 INFO TaskSchedulerImpl: Adding task set 42.0 with 2 tasks
20/11/10 17:27:13 INFO TaskSetManager: Starting task 0.0 in stage 42.0 (TID 10, localhost, PROCESS_LOCAL, 2174 bytes)
20/11/10 17:27:13 INFO Executor: Running task 0.0 in stage 42.0 (TID 10)
20/11/10 17:27:13 INFO ShuffleBlockFetcherIterator: Getting 2 non-empty blocks out of 2 blocks
20/11/10 17:27:13 INFO ShuffleBlockFetcherIterator: Started 0 remote fetches in 0 ms
20/11/10 17:27:13 INFO ShuffleBlockFetcherIterator: Getting 2 non-empty blocks out of 2 blocks
20/11/10 17:27:13 INFO ShuffleBlockFetcherIterator: Started 0 remote fetches in 0 ms
20/11/10 17:27:13 INFO Executor: Finished task 0.0 in stage 42.0 (TID 10). 1375 bytes result sent to driver
20/11/10 17:27:13 INFO Executor: Finished task 0.0 in stage 37.0 (TID 8). 1375 bytes result sent to driver
20/11/10 17:27:13 INFO TaskSetManager: Starting task 1.0 in stage 42.0 (TID 11, localhost, PROCESS_LOCAL, 2174 bytes)
20/11/10 17:27:13 INFO TaskSetManager: Finished task 0.0 in stage 42.0 (TID 10) in 24 ms on localhost (1/2)
20/11/10 17:27:13 INFO TaskSetManager: Finished task 0.0 in stage 37.0 (TID 8) in 50 ms on localhost (2/2)
20/11/10 17:27:13 INFO TaskSchedulerImpl: Removed TaskSet 37.0, whose tasks have all completed, from pool 
20/11/10 17:27:13 INFO DAGScheduler: ShuffleMapStage 37 (flatMap at Partition.scala:25) finished in 0.050 s
20/11/10 17:27:13 INFO DAGScheduler: looking for newly runnable stages
20/11/10 17:27:13 INFO DAGScheduler: running: Set(ShuffleMapStage 42)
20/11/10 17:27:13 INFO DAGScheduler: waiting: Set(ShuffleMapStage 45, ShuffleMapStage 46, ShuffleMapStage 32, ShuffleMapStage 47, ShuffleMapStage 33, ShuffleMapStage 48, ShuffleMapStage 34, ResultStage 49, ShuffleMapStage 35, ShuffleMapStage 36, ShuffleMapStage 43, ShuffleMapStage 44)
20/11/10 17:27:13 INFO DAGScheduler: failed: Set()
20/11/10 17:27:13 INFO DAGScheduler: Missing parents for ShuffleMapStage 45: List(ShuffleMapStage 35, ShuffleMapStage 44)
20/11/10 17:27:13 INFO DAGScheduler: Missing parents for ShuffleMapStage 46: List(ShuffleMapStage 45, ShuffleMapStage 34)
20/11/10 17:27:13 INFO DAGScheduler: Missing parents for ShuffleMapStage 32: List(ShuffleMapStage 33, ShuffleMapStage 46)
20/11/10 17:27:13 INFO DAGScheduler: Missing parents for ShuffleMapStage 47: List(ShuffleMapStage 33, ShuffleMapStage 46)
20/11/10 17:27:13 INFO DAGScheduler: Missing parents for ShuffleMapStage 33: List(ShuffleMapStage 45, ShuffleMapStage 34)
20/11/10 17:27:13 INFO DAGScheduler: Missing parents for ShuffleMapStage 48: List(ShuffleMapStage 32, ShuffleMapStage 47)
20/11/10 17:27:13 INFO DAGScheduler: Missing parents for ShuffleMapStage 34: List(ShuffleMapStage 35, ShuffleMapStage 44)
20/11/10 17:27:13 INFO DAGScheduler: Missing parents for ResultStage 49: List(ShuffleMapStage 48)
20/11/10 17:27:13 INFO DAGScheduler: Missing parents for ShuffleMapStage 35: List(ShuffleMapStage 36, ShuffleMapStage 43)
20/11/10 17:27:13 INFO DAGScheduler: Missing parents for ShuffleMapStage 36: List(ShuffleMapStage 42)
20/11/10 17:27:13 INFO DAGScheduler: Missing parents for ShuffleMapStage 43: List(ShuffleMapStage 42)
20/11/10 17:27:13 INFO DAGScheduler: Missing parents for ShuffleMapStage 44: List(ShuffleMapStage 36, ShuffleMapStage 43)
20/11/10 17:27:13 INFO Executor: Running task 1.0 in stage 42.0 (TID 11)
20/11/10 17:27:13 INFO ShuffleBlockFetcherIterator: Getting 2 non-empty blocks out of 2 blocks
20/11/10 17:27:13 INFO ShuffleBlockFetcherIterator: Started 0 remote fetches in 0 ms
20/11/10 17:27:13 INFO ShuffleBlockFetcherIterator: Getting 2 non-empty blocks out of 2 blocks
20/11/10 17:27:13 INFO ShuffleBlockFetcherIterator: Started 0 remote fetches in 0 ms
20/11/10 17:27:13 INFO Executor: Finished task 1.0 in stage 42.0 (TID 11). 1375 bytes result sent to driver
20/11/10 17:27:13 INFO TaskSetManager: Finished task 1.0 in stage 42.0 (TID 11) in 15 ms on localhost (2/2)
20/11/10 17:27:13 INFO DAGScheduler: ShuffleMapStage 42 (map at Partition.scala:27) finished in 0.039 s
20/11/10 17:27:13 INFO TaskSchedulerImpl: Removed TaskSet 42.0, whose tasks have all completed, from pool 
20/11/10 17:27:13 INFO DAGScheduler: looking for newly runnable stages
20/11/10 17:27:13 INFO DAGScheduler: running: Set()
20/11/10 17:27:13 INFO DAGScheduler: waiting: Set(ShuffleMapStage 45, ShuffleMapStage 46, ShuffleMapStage 32, ShuffleMapStage 47, ShuffleMapStage 33, ShuffleMapStage 48, ShuffleMapStage 34, ResultStage 49, ShuffleMapStage 35, ShuffleMapStage 36, ShuffleMapStage 43, ShuffleMapStage 44)
20/11/10 17:27:13 INFO DAGScheduler: failed: Set()
20/11/10 17:27:13 INFO DAGScheduler: Missing parents for ShuffleMapStage 45: List(ShuffleMapStage 35, ShuffleMapStage 44)
20/11/10 17:27:13 INFO DAGScheduler: Missing parents for ShuffleMapStage 46: List(ShuffleMapStage 45, ShuffleMapStage 34)
20/11/10 17:27:13 INFO DAGScheduler: Missing parents for ShuffleMapStage 32: List(ShuffleMapStage 33, ShuffleMapStage 46)
20/11/10 17:27:13 INFO DAGScheduler: Missing parents for ShuffleMapStage 47: List(ShuffleMapStage 33, ShuffleMapStage 46)
20/11/10 17:27:13 INFO DAGScheduler: Missing parents for ShuffleMapStage 33: List(ShuffleMapStage 45, ShuffleMapStage 34)
20/11/10 17:27:13 INFO DAGScheduler: Missing parents for ShuffleMapStage 48: List(ShuffleMapStage 32, ShuffleMapStage 47)
20/11/10 17:27:13 INFO DAGScheduler: Missing parents for ShuffleMapStage 34: List(ShuffleMapStage 35, ShuffleMapStage 44)
20/11/10 17:27:13 INFO DAGScheduler: Missing parents for ResultStage 49: List(ShuffleMapStage 48)
20/11/10 17:27:13 INFO DAGScheduler: Missing parents for ShuffleMapStage 35: List(ShuffleMapStage 36, ShuffleMapStage 43)
20/11/10 17:27:13 INFO DAGScheduler: Missing parents for ShuffleMapStage 36: List()
20/11/10 17:27:13 INFO DAGScheduler: Missing parents for ShuffleMapStage 43: List()
20/11/10 17:27:13 INFO DAGScheduler: Missing parents for ShuffleMapStage 44: List(ShuffleMapStage 36, ShuffleMapStage 43)
20/11/10 17:27:13 INFO DAGScheduler: Submitting ShuffleMapStage 36 (MapPartitionsRDD[24] at flatMap at Partition.scala:25), which is now runnable
20/11/10 17:27:13 INFO MemoryStore: ensureFreeSpace(3624) called with curMem=166918, maxMem=555755765
20/11/10 17:27:13 INFO MemoryStore: Block broadcast_7 stored as values in memory (estimated size 3.5 KB, free 529.8 MB)
20/11/10 17:27:13 INFO MemoryStore: ensureFreeSpace(1850) called with curMem=170542, maxMem=555755765
20/11/10 17:27:13 INFO MemoryStore: Block broadcast_7_piece0 stored as bytes in memory (estimated size 1850.0 B, free 529.8 MB)
20/11/10 17:27:13 INFO BlockManagerInfo: Added broadcast_7_piece0 in memory on localhost:34428 (size: 1850.0 B, free: 530.0 MB)
20/11/10 17:27:13 INFO SparkContext: Created broadcast 7 from broadcast at DAGScheduler.scala:861
20/11/10 17:27:13 INFO DAGScheduler: Submitting 2 missing tasks from ShuffleMapStage 36 (MapPartitionsRDD[24] at flatMap at Partition.scala:25)
20/11/10 17:27:13 INFO TaskSchedulerImpl: Adding task set 36.0 with 2 tasks
20/11/10 17:27:13 INFO DAGScheduler: Submitting ShuffleMapStage 43 (MapPartitionsRDD[26] at map at Partition.scala:27), which is now runnable
20/11/10 17:27:13 INFO MemoryStore: ensureFreeSpace(3512) called with curMem=172392, maxMem=555755765
20/11/10 17:27:13 INFO MemoryStore: Block broadcast_8 stored as values in memory (estimated size 3.4 KB, free 529.8 MB)
20/11/10 17:27:13 INFO TaskSetManager: Starting task 0.0 in stage 36.0 (TID 12, localhost, PROCESS_LOCAL, 2174 bytes)
20/11/10 17:27:13 INFO TaskSetManager: Starting task 1.0 in stage 36.0 (TID 13, localhost, PROCESS_LOCAL, 2174 bytes)
20/11/10 17:27:13 INFO MemoryStore: ensureFreeSpace(1817) called with curMem=175904, maxMem=555755765
20/11/10 17:27:13 INFO MemoryStore: Block broadcast_8_piece0 stored as bytes in memory (estimated size 1817.0 B, free 529.8 MB)
20/11/10 17:27:13 INFO Executor: Running task 0.0 in stage 36.0 (TID 12)
20/11/10 17:27:13 INFO BlockManagerInfo: Added broadcast_8_piece0 in memory on localhost:34428 (size: 1817.0 B, free: 530.0 MB)
20/11/10 17:27:13 INFO ShuffleBlockFetcherIterator: Getting 2 non-empty blocks out of 2 blocks
20/11/10 17:27:13 INFO ShuffleBlockFetcherIterator: Started 0 remote fetches in 0 ms
20/11/10 17:27:13 INFO ShuffleBlockFetcherIterator: Getting 2 non-empty blocks out of 2 blocks
20/11/10 17:27:13 INFO ShuffleBlockFetcherIterator: Started 0 remote fetches in 1 ms
20/11/10 17:27:13 INFO Executor: Running task 1.0 in stage 36.0 (TID 13)
20/11/10 17:27:13 INFO ShuffleBlockFetcherIterator: Getting 2 non-empty blocks out of 2 blocks
20/11/10 17:27:13 INFO ShuffleBlockFetcherIterator: Started 0 remote fetches in 0 ms
20/11/10 17:27:13 INFO ShuffleBlockFetcherIterator: Getting 2 non-empty blocks out of 2 blocks
20/11/10 17:27:13 INFO ShuffleBlockFetcherIterator: Started 0 remote fetches in 0 ms
20/11/10 17:27:13 INFO SparkContext: Created broadcast 8 from broadcast at DAGScheduler.scala:861
20/11/10 17:27:13 INFO DAGScheduler: Submitting 2 missing tasks from ShuffleMapStage 43 (MapPartitionsRDD[26] at map at Partition.scala:27)
20/11/10 17:27:13 INFO TaskSchedulerImpl: Adding task set 43.0 with 2 tasks
20/11/10 17:27:13 INFO Executor: Finished task 1.0 in stage 36.0 (TID 13). 1375 bytes result sent to driver
20/11/10 17:27:13 INFO TaskSetManager: Starting task 0.0 in stage 43.0 (TID 14, localhost, PROCESS_LOCAL, 2174 bytes)
20/11/10 17:27:13 INFO TaskSetManager: Finished task 1.0 in stage 36.0 (TID 13) in 29 ms on localhost (1/2)
20/11/10 17:27:13 INFO Executor: Finished task 0.0 in stage 36.0 (TID 12). 1375 bytes result sent to driver
20/11/10 17:27:13 INFO Executor: Running task 0.0 in stage 43.0 (TID 14)
20/11/10 17:27:13 INFO TaskSetManager: Starting task 1.0 in stage 43.0 (TID 15, localhost, PROCESS_LOCAL, 2174 bytes)
20/11/10 17:27:13 INFO TaskSetManager: Finished task 0.0 in stage 36.0 (TID 12) in 32 ms on localhost (2/2)
20/11/10 17:27:13 INFO TaskSchedulerImpl: Removed TaskSet 36.0, whose tasks have all completed, from pool 
20/11/10 17:27:13 INFO DAGScheduler: ShuffleMapStage 36 (flatMap at Partition.scala:25) finished in 0.035 s
20/11/10 17:27:13 INFO DAGScheduler: looking for newly runnable stages
20/11/10 17:27:13 INFO DAGScheduler: running: Set(ShuffleMapStage 43)
20/11/10 17:27:13 INFO DAGScheduler: waiting: Set(ShuffleMapStage 45, ShuffleMapStage 46, ShuffleMapStage 32, ShuffleMapStage 47, ShuffleMapStage 33, ShuffleMapStage 48, ShuffleMapStage 34, ResultStage 49, ShuffleMapStage 35, ShuffleMapStage 44)
20/11/10 17:27:13 INFO DAGScheduler: failed: Set()
20/11/10 17:27:13 INFO DAGScheduler: Missing parents for ShuffleMapStage 45: List(ShuffleMapStage 35, ShuffleMapStage 44)
20/11/10 17:27:13 INFO DAGScheduler: Missing parents for ShuffleMapStage 46: List(ShuffleMapStage 45, ShuffleMapStage 34)
20/11/10 17:27:13 INFO DAGScheduler: Missing parents for ShuffleMapStage 32: List(ShuffleMapStage 33, ShuffleMapStage 46)
20/11/10 17:27:13 INFO DAGScheduler: Missing parents for ShuffleMapStage 47: List(ShuffleMapStage 33, ShuffleMapStage 46)
20/11/10 17:27:13 INFO DAGScheduler: Missing parents for ShuffleMapStage 33: List(ShuffleMapStage 45, ShuffleMapStage 34)
20/11/10 17:27:13 INFO DAGScheduler: Missing parents for ShuffleMapStage 48: List(ShuffleMapStage 32, ShuffleMapStage 47)
20/11/10 17:27:13 INFO DAGScheduler: Missing parents for ShuffleMapStage 34: List(ShuffleMapStage 35, ShuffleMapStage 44)
20/11/10 17:27:13 INFO DAGScheduler: Missing parents for ResultStage 49: List(ShuffleMapStage 48)
20/11/10 17:27:13 INFO DAGScheduler: Missing parents for ShuffleMapStage 35: List(ShuffleMapStage 43)
20/11/10 17:27:13 INFO DAGScheduler: Missing parents for ShuffleMapStage 44: List(ShuffleMapStage 43)
20/11/10 17:27:13 INFO Executor: Running task 1.0 in stage 43.0 (TID 15)
20/11/10 17:27:13 INFO ShuffleBlockFetcherIterator: Getting 2 non-empty blocks out of 2 blocks
20/11/10 17:27:13 INFO ShuffleBlockFetcherIterator: Started 0 remote fetches in 0 ms
20/11/10 17:27:13 INFO ShuffleBlockFetcherIterator: Getting 2 non-empty blocks out of 2 blocks
20/11/10 17:27:13 INFO ShuffleBlockFetcherIterator: Started 0 remote fetches in 0 ms
20/11/10 17:27:13 INFO Executor: Finished task 0.0 in stage 43.0 (TID 14). 1375 bytes result sent to driver
20/11/10 17:27:13 INFO TaskSetManager: Finished task 0.0 in stage 43.0 (TID 14) in 16 ms on localhost (1/2)
20/11/10 17:27:13 INFO ShuffleBlockFetcherIterator: Getting 2 non-empty blocks out of 2 blocks
20/11/10 17:27:13 INFO ShuffleBlockFetcherIterator: Started 0 remote fetches in 0 ms
20/11/10 17:27:13 INFO ShuffleBlockFetcherIterator: Getting 2 non-empty blocks out of 2 blocks
20/11/10 17:27:13 INFO ShuffleBlockFetcherIterator: Started 0 remote fetches in 0 ms
20/11/10 17:27:13 INFO Executor: Finished task 1.0 in stage 43.0 (TID 15). 1375 bytes result sent to driver
20/11/10 17:27:13 INFO TaskSetManager: Finished task 1.0 in stage 43.0 (TID 15) in 25 ms on localhost (2/2)
20/11/10 17:27:13 INFO DAGScheduler: ShuffleMapStage 43 (map at Partition.scala:27) finished in 0.035 s
20/11/10 17:27:13 INFO TaskSchedulerImpl: Removed TaskSet 43.0, whose tasks have all completed, from pool 
20/11/10 17:27:13 INFO DAGScheduler: looking for newly runnable stages
20/11/10 17:27:13 INFO DAGScheduler: running: Set()
20/11/10 17:27:13 INFO DAGScheduler: waiting: Set(ShuffleMapStage 45, ShuffleMapStage 46, ShuffleMapStage 32, ShuffleMapStage 47, ShuffleMapStage 33, ShuffleMapStage 48, ShuffleMapStage 34, ResultStage 49, ShuffleMapStage 35, ShuffleMapStage 44)
20/11/10 17:27:13 INFO DAGScheduler: failed: Set()
20/11/10 17:27:13 INFO DAGScheduler: Missing parents for ShuffleMapStage 45: List(ShuffleMapStage 35, ShuffleMapStage 44)
20/11/10 17:27:13 INFO DAGScheduler: Missing parents for ShuffleMapStage 46: List(ShuffleMapStage 45, ShuffleMapStage 34)
20/11/10 17:27:13 INFO DAGScheduler: Missing parents for ShuffleMapStage 32: List(ShuffleMapStage 33, ShuffleMapStage 46)
20/11/10 17:27:13 INFO DAGScheduler: Missing parents for ShuffleMapStage 47: List(ShuffleMapStage 33, ShuffleMapStage 46)
20/11/10 17:27:13 INFO DAGScheduler: Missing parents for ShuffleMapStage 33: List(ShuffleMapStage 45, ShuffleMapStage 34)
20/11/10 17:27:13 INFO DAGScheduler: Missing parents for ShuffleMapStage 48: List(ShuffleMapStage 32, ShuffleMapStage 47)
20/11/10 17:27:13 INFO DAGScheduler: Missing parents for ShuffleMapStage 34: List(ShuffleMapStage 35, ShuffleMapStage 44)
20/11/10 17:27:13 INFO DAGScheduler: Missing parents for ResultStage 49: List(ShuffleMapStage 48)
20/11/10 17:27:13 INFO DAGScheduler: Missing parents for ShuffleMapStage 35: List()
20/11/10 17:27:13 INFO DAGScheduler: Missing parents for ShuffleMapStage 44: List()
20/11/10 17:27:13 INFO DAGScheduler: Submitting ShuffleMapStage 35 (MapPartitionsRDD[31] at flatMap at Partition.scala:25), which is now runnable
20/11/10 17:27:13 INFO MemoryStore: ensureFreeSpace(3624) called with curMem=177721, maxMem=555755765
20/11/10 17:27:13 INFO MemoryStore: Block broadcast_9 stored as values in memory (estimated size 3.5 KB, free 529.8 MB)
20/11/10 17:27:13 INFO MemoryStore: ensureFreeSpace(1847) called with curMem=181345, maxMem=555755765
20/11/10 17:27:13 INFO MemoryStore: Block broadcast_9_piece0 stored as bytes in memory (estimated size 1847.0 B, free 529.8 MB)
20/11/10 17:27:13 INFO BlockManagerInfo: Added broadcast_9_piece0 in memory on localhost:34428 (size: 1847.0 B, free: 530.0 MB)
20/11/10 17:27:13 INFO SparkContext: Created broadcast 9 from broadcast at DAGScheduler.scala:861
20/11/10 17:27:13 INFO DAGScheduler: Submitting 2 missing tasks from ShuffleMapStage 35 (MapPartitionsRDD[31] at flatMap at Partition.scala:25)
20/11/10 17:27:13 INFO TaskSchedulerImpl: Adding task set 35.0 with 2 tasks
20/11/10 17:27:13 INFO TaskSetManager: Starting task 0.0 in stage 35.0 (TID 16, localhost, PROCESS_LOCAL, 2174 bytes)
20/11/10 17:27:13 INFO TaskSetManager: Starting task 1.0 in stage 35.0 (TID 17, localhost, PROCESS_LOCAL, 2174 bytes)
20/11/10 17:27:13 INFO DAGScheduler: Submitting ShuffleMapStage 44 (MapPartitionsRDD[33] at map at Partition.scala:27), which is now runnable
20/11/10 17:27:13 INFO MemoryStore: ensureFreeSpace(3512) called with curMem=183192, maxMem=555755765
20/11/10 17:27:13 INFO MemoryStore: Block broadcast_10 stored as values in memory (estimated size 3.4 KB, free 529.8 MB)
20/11/10 17:27:13 INFO MemoryStore: ensureFreeSpace(1816) called with curMem=186704, maxMem=555755765
20/11/10 17:27:13 INFO MemoryStore: Block broadcast_10_piece0 stored as bytes in memory (estimated size 1816.0 B, free 529.8 MB)
20/11/10 17:27:13 INFO BlockManagerInfo: Added broadcast_10_piece0 in memory on localhost:34428 (size: 1816.0 B, free: 530.0 MB)
20/11/10 17:27:13 INFO SparkContext: Created broadcast 10 from broadcast at DAGScheduler.scala:861
20/11/10 17:27:13 INFO DAGScheduler: Submitting 2 missing tasks from ShuffleMapStage 44 (MapPartitionsRDD[33] at map at Partition.scala:27)
20/11/10 17:27:13 INFO TaskSchedulerImpl: Adding task set 44.0 with 2 tasks
20/11/10 17:27:13 INFO Executor: Running task 0.0 in stage 35.0 (TID 16)
20/11/10 17:27:13 INFO ShuffleBlockFetcherIterator: Getting 2 non-empty blocks out of 2 blocks
20/11/10 17:27:13 INFO ShuffleBlockFetcherIterator: Started 0 remote fetches in 1 ms
20/11/10 17:27:13 INFO ShuffleBlockFetcherIterator: Getting 2 non-empty blocks out of 2 blocks
20/11/10 17:27:13 INFO ShuffleBlockFetcherIterator: Started 0 remote fetches in 0 ms
20/11/10 17:27:13 INFO Executor: Running task 1.0 in stage 35.0 (TID 17)
20/11/10 17:27:13 INFO ShuffleBlockFetcherIterator: Getting 2 non-empty blocks out of 2 blocks
20/11/10 17:27:13 INFO ShuffleBlockFetcherIterator: Started 0 remote fetches in 1 ms
20/11/10 17:27:13 INFO ShuffleBlockFetcherIterator: Getting 2 non-empty blocks out of 2 blocks
20/11/10 17:27:13 INFO ShuffleBlockFetcherIterator: Started 0 remote fetches in 0 ms
20/11/10 17:27:13 INFO Executor: Finished task 0.0 in stage 35.0 (TID 16). 1375 bytes result sent to driver
20/11/10 17:27:13 INFO Executor: Finished task 1.0 in stage 35.0 (TID 17). 1375 bytes result sent to driver
20/11/10 17:27:13 INFO TaskSetManager: Starting task 0.0 in stage 44.0 (TID 18, localhost, PROCESS_LOCAL, 2174 bytes)
20/11/10 17:27:13 INFO TaskSetManager: Finished task 0.0 in stage 35.0 (TID 16) in 40 ms on localhost (1/2)
20/11/10 17:27:13 INFO TaskSetManager: Finished task 1.0 in stage 35.0 (TID 17) in 40 ms on localhost (2/2)
20/11/10 17:27:13 INFO TaskSchedulerImpl: Removed TaskSet 35.0, whose tasks have all completed, from pool 
20/11/10 17:27:13 INFO DAGScheduler: ShuffleMapStage 35 (flatMap at Partition.scala:25) finished in 0.041 s
20/11/10 17:27:13 INFO DAGScheduler: looking for newly runnable stages
20/11/10 17:27:13 INFO DAGScheduler: running: Set(ShuffleMapStage 44)
20/11/10 17:27:13 INFO DAGScheduler: waiting: Set(ShuffleMapStage 45, ShuffleMapStage 46, ShuffleMapStage 32, ShuffleMapStage 47, ShuffleMapStage 33, ShuffleMapStage 48, ShuffleMapStage 34, ResultStage 49)
20/11/10 17:27:13 INFO DAGScheduler: failed: Set()
20/11/10 17:27:13 INFO DAGScheduler: Missing parents for ShuffleMapStage 45: List(ShuffleMapStage 44)
20/11/10 17:27:13 INFO DAGScheduler: Missing parents for ShuffleMapStage 46: List(ShuffleMapStage 45, ShuffleMapStage 34)
20/11/10 17:27:13 INFO DAGScheduler: Missing parents for ShuffleMapStage 32: List(ShuffleMapStage 33, ShuffleMapStage 46)
20/11/10 17:27:13 INFO DAGScheduler: Missing parents for ShuffleMapStage 47: List(ShuffleMapStage 33, ShuffleMapStage 46)
20/11/10 17:27:13 INFO DAGScheduler: Missing parents for ShuffleMapStage 33: List(ShuffleMapStage 45, ShuffleMapStage 34)
20/11/10 17:27:13 INFO DAGScheduler: Missing parents for ShuffleMapStage 48: List(ShuffleMapStage 32, ShuffleMapStage 47)
20/11/10 17:27:13 INFO DAGScheduler: Missing parents for ShuffleMapStage 34: List(ShuffleMapStage 44)
20/11/10 17:27:13 INFO DAGScheduler: Missing parents for ResultStage 49: List(ShuffleMapStage 48)
20/11/10 17:27:13 INFO TaskSetManager: Starting task 1.0 in stage 44.0 (TID 19, localhost, PROCESS_LOCAL, 2174 bytes)
20/11/10 17:27:13 INFO Executor: Running task 1.0 in stage 44.0 (TID 19)
20/11/10 17:27:13 INFO ShuffleBlockFetcherIterator: Getting 2 non-empty blocks out of 2 blocks
20/11/10 17:27:13 INFO ShuffleBlockFetcherIterator: Started 0 remote fetches in 0 ms
20/11/10 17:27:13 INFO Executor: Running task 0.0 in stage 44.0 (TID 18)
20/11/10 17:27:13 INFO ShuffleBlockFetcherIterator: Getting 2 non-empty blocks out of 2 blocks
20/11/10 17:27:13 INFO ShuffleBlockFetcherIterator: Started 0 remote fetches in 0 ms
20/11/10 17:27:13 INFO ShuffleBlockFetcherIterator: Getting 2 non-empty blocks out of 2 blocks
20/11/10 17:27:13 INFO ShuffleBlockFetcherIterator: Started 0 remote fetches in 0 ms
20/11/10 17:27:13 INFO ShuffleBlockFetcherIterator: Getting 2 non-empty blocks out of 2 blocks
20/11/10 17:27:13 INFO ShuffleBlockFetcherIterator: Started 0 remote fetches in 1 ms
20/11/10 17:27:13 INFO Executor: Finished task 1.0 in stage 44.0 (TID 19). 1375 bytes result sent to driver
20/11/10 17:27:13 INFO TaskSetManager: Finished task 1.0 in stage 44.0 (TID 19) in 10 ms on localhost (1/2)
20/11/10 17:27:13 INFO Executor: Finished task 0.0 in stage 44.0 (TID 18). 1375 bytes result sent to driver
20/11/10 17:27:13 INFO TaskSetManager: Finished task 0.0 in stage 44.0 (TID 18) in 16 ms on localhost (2/2)
20/11/10 17:27:13 INFO DAGScheduler: ShuffleMapStage 44 (map at Partition.scala:27) finished in 0.036 s
20/11/10 17:27:13 INFO TaskSchedulerImpl: Removed TaskSet 44.0, whose tasks have all completed, from pool 
20/11/10 17:27:13 INFO DAGScheduler: looking for newly runnable stages
20/11/10 17:27:13 INFO DAGScheduler: running: Set()
20/11/10 17:27:13 INFO DAGScheduler: waiting: Set(ShuffleMapStage 45, ShuffleMapStage 46, ShuffleMapStage 32, ShuffleMapStage 47, ShuffleMapStage 33, ShuffleMapStage 48, ShuffleMapStage 34, ResultStage 49)
20/11/10 17:27:13 INFO DAGScheduler: failed: Set()
20/11/10 17:27:13 INFO DAGScheduler: Missing parents for ShuffleMapStage 45: List()
20/11/10 17:27:13 INFO DAGScheduler: Missing parents for ShuffleMapStage 46: List(ShuffleMapStage 45, ShuffleMapStage 34)
20/11/10 17:27:13 INFO DAGScheduler: Missing parents for ShuffleMapStage 32: List(ShuffleMapStage 33, ShuffleMapStage 46)
20/11/10 17:27:13 INFO DAGScheduler: Missing parents for ShuffleMapStage 47: List(ShuffleMapStage 33, ShuffleMapStage 46)
20/11/10 17:27:13 INFO DAGScheduler: Missing parents for ShuffleMapStage 33: List(ShuffleMapStage 45, ShuffleMapStage 34)
20/11/10 17:27:13 INFO DAGScheduler: Missing parents for ShuffleMapStage 48: List(ShuffleMapStage 32, ShuffleMapStage 47)
20/11/10 17:27:13 INFO DAGScheduler: Missing parents for ShuffleMapStage 34: List()
20/11/10 17:27:13 INFO DAGScheduler: Missing parents for ResultStage 49: List(ShuffleMapStage 48)
20/11/10 17:27:13 INFO DAGScheduler: Submitting ShuffleMapStage 34 (MapPartitionsRDD[38] at flatMap at Partition.scala:25), which is now runnable
20/11/10 17:27:13 INFO MemoryStore: ensureFreeSpace(3624) called with curMem=188520, maxMem=555755765
20/11/10 17:27:13 INFO MemoryStore: Block broadcast_11 stored as values in memory (estimated size 3.5 KB, free 529.8 MB)
20/11/10 17:27:13 INFO MemoryStore: ensureFreeSpace(1849) called with curMem=192144, maxMem=555755765
20/11/10 17:27:13 INFO MemoryStore: Block broadcast_11_piece0 stored as bytes in memory (estimated size 1849.0 B, free 529.8 MB)
20/11/10 17:27:13 INFO BlockManagerInfo: Added broadcast_11_piece0 in memory on localhost:34428 (size: 1849.0 B, free: 530.0 MB)
20/11/10 17:27:13 INFO SparkContext: Created broadcast 11 from broadcast at DAGScheduler.scala:861
20/11/10 17:27:13 INFO DAGScheduler: Submitting 2 missing tasks from ShuffleMapStage 34 (MapPartitionsRDD[38] at flatMap at Partition.scala:25)
20/11/10 17:27:13 INFO TaskSchedulerImpl: Adding task set 34.0 with 2 tasks
20/11/10 17:27:13 INFO TaskSetManager: Starting task 0.0 in stage 34.0 (TID 20, localhost, PROCESS_LOCAL, 2174 bytes)
20/11/10 17:27:13 INFO TaskSetManager: Starting task 1.0 in stage 34.0 (TID 21, localhost, PROCESS_LOCAL, 2174 bytes)
20/11/10 17:27:13 INFO Executor: Running task 1.0 in stage 34.0 (TID 21)
20/11/10 17:27:13 INFO DAGScheduler: Submitting ShuffleMapStage 45 (MapPartitionsRDD[40] at map at Partition.scala:27), which is now runnable
20/11/10 17:27:13 INFO MemoryStore: ensureFreeSpace(3512) called with curMem=193993, maxMem=555755765
20/11/10 17:27:13 INFO ShuffleBlockFetcherIterator: Getting 2 non-empty blocks out of 2 blocks
20/11/10 17:27:13 INFO MemoryStore: Block broadcast_12 stored as values in memory (estimated size 3.4 KB, free 529.8 MB)
20/11/10 17:27:13 INFO ShuffleBlockFetcherIterator: Started 0 remote fetches in 0 ms
20/11/10 17:27:13 INFO ShuffleBlockFetcherIterator: Getting 2 non-empty blocks out of 2 blocks
20/11/10 17:27:13 INFO ShuffleBlockFetcherIterator: Started 0 remote fetches in 0 ms
20/11/10 17:27:13 INFO MemoryStore: ensureFreeSpace(1817) called with curMem=197505, maxMem=555755765
20/11/10 17:27:13 INFO MemoryStore: Block broadcast_12_piece0 stored as bytes in memory (estimated size 1817.0 B, free 529.8 MB)
20/11/10 17:27:13 INFO Executor: Running task 0.0 in stage 34.0 (TID 20)
20/11/10 17:27:13 INFO BlockManagerInfo: Added broadcast_12_piece0 in memory on localhost:34428 (size: 1817.0 B, free: 530.0 MB)
20/11/10 17:27:13 INFO ShuffleBlockFetcherIterator: Getting 2 non-empty blocks out of 2 blocks
20/11/10 17:27:13 INFO ShuffleBlockFetcherIterator: Started 0 remote fetches in 0 ms
20/11/10 17:27:13 INFO ShuffleBlockFetcherIterator: Getting 2 non-empty blocks out of 2 blocks
20/11/10 17:27:13 INFO ShuffleBlockFetcherIterator: Started 0 remote fetches in 0 ms
20/11/10 17:27:13 INFO Executor: Finished task 1.0 in stage 34.0 (TID 21). 1375 bytes result sent to driver
20/11/10 17:27:13 INFO TaskSetManager: Finished task 1.0 in stage 34.0 (TID 21) in 15 ms on localhost (1/2)
20/11/10 17:27:13 INFO SparkContext: Created broadcast 12 from broadcast at DAGScheduler.scala:861
20/11/10 17:27:13 INFO DAGScheduler: Submitting 2 missing tasks from ShuffleMapStage 45 (MapPartitionsRDD[40] at map at Partition.scala:27)
20/11/10 17:27:13 INFO TaskSchedulerImpl: Adding task set 45.0 with 2 tasks
20/11/10 17:27:13 INFO TaskSetManager: Starting task 0.0 in stage 45.0 (TID 22, localhost, PROCESS_LOCAL, 2174 bytes)
20/11/10 17:27:13 INFO Executor: Finished task 0.0 in stage 34.0 (TID 20). 1375 bytes result sent to driver
20/11/10 17:27:13 INFO TaskSetManager: Starting task 1.0 in stage 45.0 (TID 23, localhost, PROCESS_LOCAL, 2174 bytes)
20/11/10 17:27:13 INFO TaskSetManager: Finished task 0.0 in stage 34.0 (TID 20) in 27 ms on localhost (2/2)
20/11/10 17:27:13 INFO TaskSchedulerImpl: Removed TaskSet 34.0, whose tasks have all completed, from pool 
20/11/10 17:27:13 INFO Executor: Running task 1.0 in stage 45.0 (TID 23)
20/11/10 17:27:13 INFO ShuffleBlockFetcherIterator: Getting 2 non-empty blocks out of 2 blocks
20/11/10 17:27:13 INFO ShuffleBlockFetcherIterator: Started 0 remote fetches in 0 ms
20/11/10 17:27:13 INFO Executor: Running task 0.0 in stage 45.0 (TID 22)
20/11/10 17:27:13 INFO ShuffleBlockFetcherIterator: Getting 2 non-empty blocks out of 2 blocks
20/11/10 17:27:13 INFO ShuffleBlockFetcherIterator: Started 0 remote fetches in 1 ms
20/11/10 17:27:13 INFO ShuffleBlockFetcherIterator: Getting 2 non-empty blocks out of 2 blocks
20/11/10 17:27:13 INFO ShuffleBlockFetcherIterator: Started 0 remote fetches in 0 ms
20/11/10 17:27:13 INFO ShuffleBlockFetcherIterator: Getting 2 non-empty blocks out of 2 blocks
20/11/10 17:27:13 INFO ShuffleBlockFetcherIterator: Started 0 remote fetches in 1 ms
20/11/10 17:27:13 INFO DAGScheduler: ShuffleMapStage 34 (flatMap at Partition.scala:25) finished in 0.034 s
20/11/10 17:27:13 INFO DAGScheduler: looking for newly runnable stages
20/11/10 17:27:13 INFO DAGScheduler: running: Set(ShuffleMapStage 45)
20/11/10 17:27:13 INFO DAGScheduler: waiting: Set(ShuffleMapStage 46, ShuffleMapStage 32, ShuffleMapStage 47, ShuffleMapStage 33, ShuffleMapStage 48, ResultStage 49)
20/11/10 17:27:13 INFO DAGScheduler: failed: Set()
20/11/10 17:27:13 INFO DAGScheduler: Missing parents for ShuffleMapStage 46: List(ShuffleMapStage 45)
20/11/10 17:27:13 INFO DAGScheduler: Missing parents for ShuffleMapStage 32: List(ShuffleMapStage 33, ShuffleMapStage 46)
20/11/10 17:27:13 INFO DAGScheduler: Missing parents for ShuffleMapStage 47: List(ShuffleMapStage 33, ShuffleMapStage 46)
20/11/10 17:27:13 INFO DAGScheduler: Missing parents for ShuffleMapStage 33: List(ShuffleMapStage 45)
20/11/10 17:27:13 INFO DAGScheduler: Missing parents for ShuffleMapStage 48: List(ShuffleMapStage 32, ShuffleMapStage 47)
20/11/10 17:27:13 INFO DAGScheduler: Missing parents for ResultStage 49: List(ShuffleMapStage 48)
20/11/10 17:27:13 INFO Executor: Finished task 1.0 in stage 45.0 (TID 23). 1375 bytes result sent to driver
20/11/10 17:27:13 INFO TaskSetManager: Finished task 1.0 in stage 45.0 (TID 23) in 14 ms on localhost (1/2)
20/11/10 17:27:13 INFO Executor: Finished task 0.0 in stage 45.0 (TID 22). 1375 bytes result sent to driver
20/11/10 17:27:13 INFO TaskSetManager: Finished task 0.0 in stage 45.0 (TID 22) in 25 ms on localhost (2/2)
20/11/10 17:27:13 INFO DAGScheduler: ShuffleMapStage 45 (map at Partition.scala:27) finished in 0.023 s
20/11/10 17:27:13 INFO TaskSchedulerImpl: Removed TaskSet 45.0, whose tasks have all completed, from pool 
20/11/10 17:27:13 INFO DAGScheduler: looking for newly runnable stages
20/11/10 17:27:13 INFO DAGScheduler: running: Set()
20/11/10 17:27:13 INFO DAGScheduler: waiting: Set(ShuffleMapStage 46, ShuffleMapStage 32, ShuffleMapStage 47, ShuffleMapStage 33, ShuffleMapStage 48, ResultStage 49)
20/11/10 17:27:13 INFO DAGScheduler: failed: Set()
20/11/10 17:27:13 INFO DAGScheduler: Missing parents for ShuffleMapStage 46: List()
20/11/10 17:27:13 INFO DAGScheduler: Missing parents for ShuffleMapStage 32: List(ShuffleMapStage 33, ShuffleMapStage 46)
20/11/10 17:27:13 INFO DAGScheduler: Missing parents for ShuffleMapStage 47: List(ShuffleMapStage 33, ShuffleMapStage 46)
20/11/10 17:27:13 INFO DAGScheduler: Missing parents for ShuffleMapStage 33: List()
20/11/10 17:27:13 INFO DAGScheduler: Missing parents for ShuffleMapStage 48: List(ShuffleMapStage 32, ShuffleMapStage 47)
20/11/10 17:27:13 INFO DAGScheduler: Missing parents for ResultStage 49: List(ShuffleMapStage 48)
20/11/10 17:27:13 INFO DAGScheduler: Submitting ShuffleMapStage 33 (MapPartitionsRDD[45] at flatMap at Partition.scala:25), which is now runnable
20/11/10 17:27:13 INFO MemoryStore: ensureFreeSpace(3624) called with curMem=199322, maxMem=555755765
20/11/10 17:27:13 INFO MemoryStore: Block broadcast_13 stored as values in memory (estimated size 3.5 KB, free 529.8 MB)
20/11/10 17:27:13 INFO MemoryStore: ensureFreeSpace(1850) called with curMem=202946, maxMem=555755765
20/11/10 17:27:13 INFO MemoryStore: Block broadcast_13_piece0 stored as bytes in memory (estimated size 1850.0 B, free 529.8 MB)
20/11/10 17:27:13 INFO BlockManagerInfo: Added broadcast_13_piece0 in memory on localhost:34428 (size: 1850.0 B, free: 530.0 MB)
20/11/10 17:27:13 INFO SparkContext: Created broadcast 13 from broadcast at DAGScheduler.scala:861
20/11/10 17:27:13 INFO DAGScheduler: Submitting 2 missing tasks from ShuffleMapStage 33 (MapPartitionsRDD[45] at flatMap at Partition.scala:25)
20/11/10 17:27:13 INFO TaskSchedulerImpl: Adding task set 33.0 with 2 tasks
20/11/10 17:27:13 INFO TaskSetManager: Starting task 0.0 in stage 33.0 (TID 24, localhost, PROCESS_LOCAL, 2174 bytes)
20/11/10 17:27:13 INFO TaskSetManager: Starting task 1.0 in stage 33.0 (TID 25, localhost, PROCESS_LOCAL, 2174 bytes)
20/11/10 17:27:13 INFO Executor: Running task 1.0 in stage 33.0 (TID 25)
20/11/10 17:27:13 INFO ShuffleBlockFetcherIterator: Getting 2 non-empty blocks out of 2 blocks
20/11/10 17:27:13 INFO ShuffleBlockFetcherIterator: Started 0 remote fetches in 0 ms
20/11/10 17:27:13 INFO ShuffleBlockFetcherIterator: Getting 2 non-empty blocks out of 2 blocks
20/11/10 17:27:13 INFO ShuffleBlockFetcherIterator: Started 0 remote fetches in 0 ms
20/11/10 17:27:13 INFO DAGScheduler: Submitting ShuffleMapStage 46 (MapPartitionsRDD[47] at map at Partition.scala:27), which is now runnable
20/11/10 17:27:13 INFO MemoryStore: ensureFreeSpace(3512) called with curMem=204796, maxMem=555755765
20/11/10 17:27:13 INFO MemoryStore: Block broadcast_14 stored as values in memory (estimated size 3.4 KB, free 529.8 MB)
20/11/10 17:27:13 INFO MemoryStore: ensureFreeSpace(1817) called with curMem=208308, maxMem=555755765
20/11/10 17:27:13 INFO MemoryStore: Block broadcast_14_piece0 stored as bytes in memory (estimated size 1817.0 B, free 529.8 MB)
20/11/10 17:27:13 INFO Executor: Running task 0.0 in stage 33.0 (TID 24)
20/11/10 17:27:13 INFO BlockManagerInfo: Added broadcast_14_piece0 in memory on localhost:34428 (size: 1817.0 B, free: 530.0 MB)
20/11/10 17:27:13 INFO ShuffleBlockFetcherIterator: Getting 2 non-empty blocks out of 2 blocks
20/11/10 17:27:13 INFO ShuffleBlockFetcherIterator: Started 0 remote fetches in 0 ms
20/11/10 17:27:13 INFO ShuffleBlockFetcherIterator: Getting 2 non-empty blocks out of 2 blocks
20/11/10 17:27:13 INFO ShuffleBlockFetcherIterator: Started 0 remote fetches in 0 ms
20/11/10 17:27:13 INFO SparkContext: Created broadcast 14 from broadcast at DAGScheduler.scala:861
20/11/10 17:27:13 INFO DAGScheduler: Submitting 2 missing tasks from ShuffleMapStage 46 (MapPartitionsRDD[47] at map at Partition.scala:27)
20/11/10 17:27:13 INFO TaskSchedulerImpl: Adding task set 46.0 with 2 tasks
20/11/10 17:27:13 INFO Executor: Finished task 1.0 in stage 33.0 (TID 25). 1375 bytes result sent to driver
20/11/10 17:27:13 INFO TaskSetManager: Starting task 0.0 in stage 46.0 (TID 26, localhost, PROCESS_LOCAL, 2174 bytes)
20/11/10 17:27:13 INFO Executor: Running task 0.0 in stage 46.0 (TID 26)
20/11/10 17:27:13 INFO TaskSetManager: Finished task 1.0 in stage 33.0 (TID 25) in 26 ms on localhost (1/2)
20/11/10 17:27:13 INFO ShuffleBlockFetcherIterator: Getting 2 non-empty blocks out of 2 blocks
20/11/10 17:27:13 INFO ShuffleBlockFetcherIterator: Started 0 remote fetches in 0 ms
20/11/10 17:27:13 INFO ShuffleBlockFetcherIterator: Getting 2 non-empty blocks out of 2 blocks
20/11/10 17:27:13 INFO ShuffleBlockFetcherIterator: Started 0 remote fetches in 0 ms
20/11/10 17:27:13 INFO Executor: Finished task 0.0 in stage 46.0 (TID 26). 1375 bytes result sent to driver
20/11/10 17:27:13 INFO TaskSetManager: Starting task 1.0 in stage 46.0 (TID 27, localhost, PROCESS_LOCAL, 2174 bytes)
20/11/10 17:27:13 INFO TaskSetManager: Finished task 0.0 in stage 46.0 (TID 26) in 11 ms on localhost (1/2)
20/11/10 17:27:13 INFO Executor: Finished task 0.0 in stage 33.0 (TID 24). 1375 bytes result sent to driver
20/11/10 17:27:13 INFO TaskSetManager: Finished task 0.0 in stage 33.0 (TID 24) in 36 ms on localhost (2/2)
20/11/10 17:27:13 INFO TaskSchedulerImpl: Removed TaskSet 33.0, whose tasks have all completed, from pool 
20/11/10 17:27:13 INFO DAGScheduler: ShuffleMapStage 33 (flatMap at Partition.scala:25) finished in 0.026 s
20/11/10 17:27:13 INFO DAGScheduler: looking for newly runnable stages
20/11/10 17:27:13 INFO DAGScheduler: running: Set(ShuffleMapStage 46)
20/11/10 17:27:13 INFO DAGScheduler: waiting: Set(ShuffleMapStage 32, ShuffleMapStage 47, ShuffleMapStage 48, ResultStage 49)
20/11/10 17:27:13 INFO DAGScheduler: failed: Set()
20/11/10 17:27:13 INFO DAGScheduler: Missing parents for ShuffleMapStage 32: List(ShuffleMapStage 46)
20/11/10 17:27:13 INFO DAGScheduler: Missing parents for ShuffleMapStage 47: List(ShuffleMapStage 46)
20/11/10 17:27:13 INFO DAGScheduler: Missing parents for ShuffleMapStage 48: List(ShuffleMapStage 32, ShuffleMapStage 47)
20/11/10 17:27:13 INFO DAGScheduler: Missing parents for ResultStage 49: List(ShuffleMapStage 48)
20/11/10 17:27:13 INFO Executor: Running task 1.0 in stage 46.0 (TID 27)
20/11/10 17:27:13 INFO ShuffleBlockFetcherIterator: Getting 2 non-empty blocks out of 2 blocks
20/11/10 17:27:13 INFO ShuffleBlockFetcherIterator: Started 0 remote fetches in 0 ms
20/11/10 17:27:13 INFO ShuffleBlockFetcherIterator: Getting 2 non-empty blocks out of 2 blocks
20/11/10 17:27:13 INFO ShuffleBlockFetcherIterator: Started 0 remote fetches in 1 ms
20/11/10 17:27:13 INFO Executor: Finished task 1.0 in stage 46.0 (TID 27). 1375 bytes result sent to driver
20/11/10 17:27:13 INFO TaskSetManager: Finished task 1.0 in stage 46.0 (TID 27) in 14 ms on localhost (2/2)
20/11/10 17:27:13 INFO TaskSchedulerImpl: Removed TaskSet 46.0, whose tasks have all completed, from pool 
20/11/10 17:27:13 INFO DAGScheduler: ShuffleMapStage 46 (map at Partition.scala:27) finished in 0.026 s
20/11/10 17:27:13 INFO DAGScheduler: looking for newly runnable stages
20/11/10 17:27:13 INFO DAGScheduler: running: Set()
20/11/10 17:27:13 INFO DAGScheduler: waiting: Set(ShuffleMapStage 32, ShuffleMapStage 47, ShuffleMapStage 48, ResultStage 49)
20/11/10 17:27:13 INFO DAGScheduler: failed: Set()
20/11/10 17:27:13 INFO DAGScheduler: Missing parents for ShuffleMapStage 32: List()
20/11/10 17:27:13 INFO DAGScheduler: Missing parents for ShuffleMapStage 47: List()
20/11/10 17:27:13 INFO DAGScheduler: Missing parents for ShuffleMapStage 48: List(ShuffleMapStage 32, ShuffleMapStage 47)
20/11/10 17:27:13 INFO DAGScheduler: Missing parents for ResultStage 49: List(ShuffleMapStage 48)
20/11/10 17:27:13 INFO DAGScheduler: Submitting ShuffleMapStage 32 (MapPartitionsRDD[52] at flatMap at Partition.scala:25), which is now runnable
20/11/10 17:27:13 INFO MemoryStore: ensureFreeSpace(3624) called with curMem=210125, maxMem=555755765
20/11/10 17:27:13 INFO MemoryStore: Block broadcast_15 stored as values in memory (estimated size 3.5 KB, free 529.8 MB)
20/11/10 17:27:13 INFO MemoryStore: ensureFreeSpace(1849) called with curMem=213749, maxMem=555755765
20/11/10 17:27:13 INFO MemoryStore: Block broadcast_15_piece0 stored as bytes in memory (estimated size 1849.0 B, free 529.8 MB)
20/11/10 17:27:13 INFO BlockManagerInfo: Added broadcast_15_piece0 in memory on localhost:34428 (size: 1849.0 B, free: 530.0 MB)
20/11/10 17:27:13 INFO SparkContext: Created broadcast 15 from broadcast at DAGScheduler.scala:861
20/11/10 17:27:13 INFO DAGScheduler: Submitting 2 missing tasks from ShuffleMapStage 32 (MapPartitionsRDD[52] at flatMap at Partition.scala:25)
20/11/10 17:27:13 INFO TaskSchedulerImpl: Adding task set 32.0 with 2 tasks
20/11/10 17:27:13 INFO TaskSetManager: Starting task 0.0 in stage 32.0 (TID 28, localhost, PROCESS_LOCAL, 2174 bytes)
20/11/10 17:27:13 INFO TaskSetManager: Starting task 1.0 in stage 32.0 (TID 29, localhost, PROCESS_LOCAL, 2174 bytes)
20/11/10 17:27:13 INFO Executor: Running task 1.0 in stage 32.0 (TID 29)
20/11/10 17:27:13 INFO ShuffleBlockFetcherIterator: Getting 2 non-empty blocks out of 2 blocks
20/11/10 17:27:13 INFO ShuffleBlockFetcherIterator: Started 0 remote fetches in 1 ms
20/11/10 17:27:13 INFO ShuffleBlockFetcherIterator: Getting 2 non-empty blocks out of 2 blocks
20/11/10 17:27:13 INFO ShuffleBlockFetcherIterator: Started 0 remote fetches in 0 ms
20/11/10 17:27:13 INFO DAGScheduler: Submitting ShuffleMapStage 47 (MapPartitionsRDD[54] at map at Partition.scala:27), which is now runnable
20/11/10 17:27:13 INFO MemoryStore: ensureFreeSpace(3512) called with curMem=215598, maxMem=555755765
20/11/10 17:27:13 INFO MemoryStore: Block broadcast_16 stored as values in memory (estimated size 3.4 KB, free 529.8 MB)
20/11/10 17:27:13 INFO MemoryStore: ensureFreeSpace(1816) called with curMem=219110, maxMem=555755765
20/11/10 17:27:13 INFO MemoryStore: Block broadcast_16_piece0 stored as bytes in memory (estimated size 1816.0 B, free 529.8 MB)
20/11/10 17:27:13 INFO BlockManagerInfo: Added broadcast_16_piece0 in memory on localhost:34428 (size: 1816.0 B, free: 530.0 MB)
20/11/10 17:27:13 INFO SparkContext: Created broadcast 16 from broadcast at DAGScheduler.scala:861
20/11/10 17:27:13 INFO DAGScheduler: Submitting 2 missing tasks from ShuffleMapStage 47 (MapPartitionsRDD[54] at map at Partition.scala:27)
20/11/10 17:27:13 INFO TaskSchedulerImpl: Adding task set 47.0 with 2 tasks
20/11/10 17:27:13 INFO Executor: Running task 0.0 in stage 32.0 (TID 28)
20/11/10 17:27:13 INFO ShuffleBlockFetcherIterator: Getting 2 non-empty blocks out of 2 blocks
20/11/10 17:27:13 INFO ShuffleBlockFetcherIterator: Started 0 remote fetches in 0 ms
20/11/10 17:27:13 INFO ShuffleBlockFetcherIterator: Getting 2 non-empty blocks out of 2 blocks
20/11/10 17:27:13 INFO ShuffleBlockFetcherIterator: Started 0 remote fetches in 1 ms
20/11/10 17:27:13 INFO Executor: Finished task 1.0 in stage 32.0 (TID 29). 1375 bytes result sent to driver
20/11/10 17:27:13 INFO TaskSetManager: Starting task 0.0 in stage 47.0 (TID 30, localhost, PROCESS_LOCAL, 2174 bytes)
20/11/10 17:27:13 INFO Executor: Running task 0.0 in stage 47.0 (TID 30)
20/11/10 17:27:13 INFO TaskSetManager: Finished task 1.0 in stage 32.0 (TID 29) in 27 ms on localhost (1/2)
20/11/10 17:27:13 INFO ShuffleBlockFetcherIterator: Getting 2 non-empty blocks out of 2 blocks
20/11/10 17:27:13 INFO ShuffleBlockFetcherIterator: Started 0 remote fetches in 0 ms
20/11/10 17:27:13 INFO ShuffleBlockFetcherIterator: Getting 2 non-empty blocks out of 2 blocks
20/11/10 17:27:13 INFO ShuffleBlockFetcherIterator: Started 0 remote fetches in 0 ms
20/11/10 17:27:13 INFO Executor: Finished task 0.0 in stage 47.0 (TID 30). 1375 bytes result sent to driver
20/11/10 17:27:13 INFO TaskSetManager: Starting task 1.0 in stage 47.0 (TID 31, localhost, PROCESS_LOCAL, 2174 bytes)
20/11/10 17:27:13 INFO TaskSetManager: Finished task 0.0 in stage 47.0 (TID 30) in 9 ms on localhost (1/2)
20/11/10 17:27:13 INFO Executor: Finished task 0.0 in stage 32.0 (TID 28). 1375 bytes result sent to driver
20/11/10 17:27:13 INFO TaskSetManager: Finished task 0.0 in stage 32.0 (TID 28) in 39 ms on localhost (2/2)
20/11/10 17:27:13 INFO TaskSchedulerImpl: Removed TaskSet 32.0, whose tasks have all completed, from pool 
20/11/10 17:27:13 INFO DAGScheduler: ShuffleMapStage 32 (flatMap at Partition.scala:25) finished in 0.034 s
20/11/10 17:27:13 INFO DAGScheduler: looking for newly runnable stages
20/11/10 17:27:13 INFO DAGScheduler: running: Set(ShuffleMapStage 47)
20/11/10 17:27:13 INFO DAGScheduler: waiting: Set(ShuffleMapStage 48, ResultStage 49)
20/11/10 17:27:13 INFO DAGScheduler: failed: Set()
20/11/10 17:27:13 INFO DAGScheduler: Missing parents for ShuffleMapStage 48: List(ShuffleMapStage 47)
20/11/10 17:27:13 INFO DAGScheduler: Missing parents for ResultStage 49: List(ShuffleMapStage 48)
20/11/10 17:27:13 INFO Executor: Running task 1.0 in stage 47.0 (TID 31)
20/11/10 17:27:13 INFO ShuffleBlockFetcherIterator: Getting 2 non-empty blocks out of 2 blocks
20/11/10 17:27:13 INFO ShuffleBlockFetcherIterator: Started 0 remote fetches in 0 ms
20/11/10 17:27:13 INFO ShuffleBlockFetcherIterator: Getting 2 non-empty blocks out of 2 blocks
20/11/10 17:27:13 INFO ShuffleBlockFetcherIterator: Started 0 remote fetches in 0 ms
20/11/10 17:27:13 INFO Executor: Finished task 1.0 in stage 47.0 (TID 31). 1375 bytes result sent to driver
20/11/10 17:27:13 INFO TaskSetManager: Finished task 1.0 in stage 47.0 (TID 31) in 14 ms on localhost (2/2)
20/11/10 17:27:13 INFO DAGScheduler: ShuffleMapStage 47 (map at Partition.scala:27) finished in 0.034 s
20/11/10 17:27:13 INFO TaskSchedulerImpl: Removed TaskSet 47.0, whose tasks have all completed, from pool 
20/11/10 17:27:13 INFO DAGScheduler: looking for newly runnable stages
20/11/10 17:27:13 INFO DAGScheduler: running: Set()
20/11/10 17:27:13 INFO DAGScheduler: waiting: Set(ShuffleMapStage 48, ResultStage 49)
20/11/10 17:27:13 INFO DAGScheduler: failed: Set()
20/11/10 17:27:13 INFO DAGScheduler: Missing parents for ShuffleMapStage 48: List()
20/11/10 17:27:13 INFO DAGScheduler: Missing parents for ResultStage 49: List(ShuffleMapStage 48)
20/11/10 17:27:13 INFO DAGScheduler: Submitting ShuffleMapStage 48 (MapPartitionsRDD[60] at countByKey at Partition.scala:40), which is now runnable
20/11/10 17:27:13 INFO MemoryStore: ensureFreeSpace(3760) called with curMem=220926, maxMem=555755765
20/11/10 17:27:13 INFO MemoryStore: Block broadcast_17 stored as values in memory (estimated size 3.7 KB, free 529.8 MB)
20/11/10 17:27:13 INFO MemoryStore: ensureFreeSpace(1889) called with curMem=224686, maxMem=555755765
20/11/10 17:27:13 INFO MemoryStore: Block broadcast_17_piece0 stored as bytes in memory (estimated size 1889.0 B, free 529.8 MB)
20/11/10 17:27:13 INFO BlockManagerInfo: Added broadcast_17_piece0 in memory on localhost:34428 (size: 1889.0 B, free: 530.0 MB)
20/11/10 17:27:13 INFO SparkContext: Created broadcast 17 from broadcast at DAGScheduler.scala:861
20/11/10 17:27:13 INFO DAGScheduler: Submitting 2 missing tasks from ShuffleMapStage 48 (MapPartitionsRDD[60] at countByKey at Partition.scala:40)
20/11/10 17:27:13 INFO TaskSchedulerImpl: Adding task set 48.0 with 2 tasks
20/11/10 17:27:13 INFO TaskSetManager: Starting task 0.0 in stage 48.0 (TID 32, localhost, PROCESS_LOCAL, 2174 bytes)
20/11/10 17:27:13 INFO TaskSetManager: Starting task 1.0 in stage 48.0 (TID 33, localhost, PROCESS_LOCAL, 2174 bytes)
20/11/10 17:27:13 INFO Executor: Running task 1.0 in stage 48.0 (TID 33)
20/11/10 17:27:13 INFO ShuffleBlockFetcherIterator: Getting 2 non-empty blocks out of 2 blocks
20/11/10 17:27:13 INFO ShuffleBlockFetcherIterator: Started 0 remote fetches in 0 ms
20/11/10 17:27:13 INFO ShuffleBlockFetcherIterator: Getting 2 non-empty blocks out of 2 blocks
20/11/10 17:27:13 INFO ShuffleBlockFetcherIterator: Started 0 remote fetches in 0 ms
20/11/10 17:27:13 INFO Executor: Finished task 1.0 in stage 48.0 (TID 33). 1375 bytes result sent to driver
20/11/10 17:27:13 INFO TaskSetManager: Finished task 1.0 in stage 48.0 (TID 33) in 14 ms on localhost (1/2)
20/11/10 17:27:13 INFO Executor: Running task 0.0 in stage 48.0 (TID 32)
20/11/10 17:27:13 INFO ShuffleBlockFetcherIterator: Getting 2 non-empty blocks out of 2 blocks
20/11/10 17:27:13 INFO ShuffleBlockFetcherIterator: Started 0 remote fetches in 0 ms
20/11/10 17:27:13 INFO ShuffleBlockFetcherIterator: Getting 2 non-empty blocks out of 2 blocks
20/11/10 17:27:13 INFO ShuffleBlockFetcherIterator: Started 0 remote fetches in 0 ms
20/11/10 17:27:13 INFO Executor: Finished task 0.0 in stage 48.0 (TID 32). 1375 bytes result sent to driver
20/11/10 17:27:13 INFO TaskSetManager: Finished task 0.0 in stage 48.0 (TID 32) in 20 ms on localhost (2/2)
20/11/10 17:27:13 INFO TaskSchedulerImpl: Removed TaskSet 48.0, whose tasks have all completed, from pool 
20/11/10 17:27:13 INFO DAGScheduler: ShuffleMapStage 48 (countByKey at Partition.scala:40) finished in 0.016 s
20/11/10 17:27:13 INFO DAGScheduler: looking for newly runnable stages
20/11/10 17:27:13 INFO DAGScheduler: running: Set()
20/11/10 17:27:13 INFO DAGScheduler: waiting: Set(ResultStage 49)
20/11/10 17:27:13 INFO DAGScheduler: failed: Set()
20/11/10 17:27:13 INFO DAGScheduler: Missing parents for ResultStage 49: List()
20/11/10 17:27:13 INFO DAGScheduler: Submitting ResultStage 49 (ShuffledRDD[61] at countByKey at Partition.scala:40), which is now runnable
20/11/10 17:27:13 INFO MemoryStore: ensureFreeSpace(2336) called with curMem=226575, maxMem=555755765
20/11/10 17:27:13 INFO MemoryStore: Block broadcast_18 stored as values in memory (estimated size 2.3 KB, free 529.8 MB)
20/11/10 17:27:13 INFO MemoryStore: ensureFreeSpace(1372) called with curMem=228911, maxMem=555755765
20/11/10 17:27:13 INFO MemoryStore: Block broadcast_18_piece0 stored as bytes in memory (estimated size 1372.0 B, free 529.8 MB)
20/11/10 17:27:13 INFO BlockManagerInfo: Added broadcast_18_piece0 in memory on localhost:34428 (size: 1372.0 B, free: 530.0 MB)
20/11/10 17:27:13 INFO SparkContext: Created broadcast 18 from broadcast at DAGScheduler.scala:861
20/11/10 17:27:13 INFO DAGScheduler: Submitting 2 missing tasks from ResultStage 49 (ShuffledRDD[61] at countByKey at Partition.scala:40)
20/11/10 17:27:13 INFO TaskSchedulerImpl: Adding task set 49.0 with 2 tasks
20/11/10 17:27:13 INFO TaskSetManager: Starting task 0.0 in stage 49.0 (TID 34, localhost, PROCESS_LOCAL, 1958 bytes)
20/11/10 17:27:13 INFO TaskSetManager: Starting task 1.0 in stage 49.0 (TID 35, localhost, PROCESS_LOCAL, 1958 bytes)
20/11/10 17:27:13 INFO Executor: Running task 0.0 in stage 49.0 (TID 34)
20/11/10 17:27:13 INFO Executor: Running task 1.0 in stage 49.0 (TID 35)
20/11/10 17:27:13 INFO ShuffleBlockFetcherIterator: Getting 2 non-empty blocks out of 2 blocks
20/11/10 17:27:13 INFO ShuffleBlockFetcherIterator: Started 0 remote fetches in 0 ms
20/11/10 17:27:13 INFO ShuffleBlockFetcherIterator: Getting 2 non-empty blocks out of 2 blocks
20/11/10 17:27:13 INFO ShuffleBlockFetcherIterator: Started 0 remote fetches in 0 ms
20/11/10 17:27:13 INFO Executor: Finished task 1.0 in stage 49.0 (TID 35). 1448 bytes result sent to driver
20/11/10 17:27:13 INFO TaskSetManager: Finished task 1.0 in stage 49.0 (TID 35) in 4 ms on localhost (1/2)
20/11/10 17:27:13 INFO Executor: Finished task 0.0 in stage 49.0 (TID 34). 1457 bytes result sent to driver
20/11/10 17:27:13 INFO TaskSetManager: Finished task 0.0 in stage 49.0 (TID 34) in 6 ms on localhost (2/2)
20/11/10 17:27:13 INFO TaskSchedulerImpl: Removed TaskSet 49.0, whose tasks have all completed, from pool 
20/11/10 17:27:13 INFO DAGScheduler: ResultStage 49 (countByKey at Partition.scala:40) finished in 0.001 s
20/11/10 17:27:13 INFO DAGScheduler: Job 0 finished: countByKey at Partition.scala:40, took 1.014559 s
(69,2)
(101,7)
(88,7)
(125,15)
(105,7)
(118,12)
(67,1)
(82,4)
(90,2)
(100,7)
20/11/10 17:27:13 INFO SparkContext: Invoking stop() from shutdown hook
20/11/10 17:27:13 INFO SparkUI: Stopped Spark web UI at http://198.202.112.105:4040
20/11/10 17:27:13 INFO DAGScheduler: Stopping DAGScheduler
20/11/10 17:27:14 INFO MapOutputTrackerMasterEndpoint: MapOutputTrackerMasterEndpoint stopped!
20/11/10 17:27:14 INFO MemoryStore: MemoryStore cleared
20/11/10 17:27:14 INFO BlockManager: BlockManager stopped
20/11/10 17:27:14 INFO BlockManagerMaster: BlockManagerMaster stopped
20/11/10 17:27:14 INFO SparkContext: Successfully stopped SparkContext
20/11/10 17:27:14 INFO ShutdownHookManager: Shutdown hook called
20/11/10 17:27:14 INFO ShutdownHookManager: Deleting directory /tmp/spark-341a46aa-5e08-4be6-873c-68d64e059dbe
